CRITICAL - 2026-01-27 00:00:15 --> ParseError: syntax error, unexpected token "->"
[Method: POST, Route: res/search_resepSIMRS]
in APPPATH\Models\ResepModel.php on line 148.
 1 VENDORPATH\composer\ClassLoader.php(427): Composer\Autoload\{closure}('C:\\xampp\\htdocs\\2025_monitoring_bridging\\vendor\\composer/../../app\\Models\\ResepModel.php')
 2 APPPATH\Controllers\BpjsInsertController.php(248): Composer\Autoload\ClassLoader->loadClass('App\\Models\\ResepModel')
 3 SYSTEMPATH\CodeIgniter.php(933): App\Controllers\BpjsInsertController->getResepSIMRS()
 4 SYSTEMPATH\CodeIgniter.php(507): CodeIgniter\CodeIgniter->runController(Object(App\Controllers\BpjsInsertController))
 5 SYSTEMPATH\CodeIgniter.php(354): CodeIgniter\CodeIgniter->handleRequest(null, Object(Config\Cache), false)
 6 SYSTEMPATH\Boot.php(363): CodeIgniter\CodeIgniter->run()
 7 SYSTEMPATH\Boot.php(68): CodeIgniter\Boot::runCodeIgniter(Object(CodeIgniter\CodeIgniter))
 8 FCPATH\index.php(59): CodeIgniter\Boot::bootWeb(Object(Config\Paths))
ERROR - 2026-01-27 10:13:29 --> ErrorException: pg_query(): Query failed: ERROR:  missing FROM-clause entry for table &quot;abo&quot;
LINE 3: LEFT JOIN &quot;apt_barang_out_detail&quot; &quot;abod&quot; ON &quot;abo&quot;.&quot;no_out&quot; =...
                                                    ^ in C:\xampp\htdocs\2025_monitoring_bridging\vendor\codeigniter4\framework\system\Database\Postgre\Connection.php:206
Stack trace:
#0 [internal function]: CodeIgniter\Debug\Exceptions->errorHandler(2, 'pg_query(): Que...', 'C:\\xampp\\htdocs...', 206)
#1 C:\xampp\htdocs\2025_monitoring_bridging\vendor\codeigniter4\framework\system\Database\Postgre\Connection.php(206): pg_query(Object(PgSql\Connection), 'SELECT "abo"."n...')
#2 C:\xampp\htdocs\2025_monitoring_bridging\vendor\codeigniter4\framework\system\Database\BaseConnection.php(729): CodeIgniter\Database\Postgre\Connection->execute('SELECT "abo"."n...')
#3 C:\xampp\htdocs\2025_monitoring_bridging\vendor\codeigniter4\framework\system\Database\BaseConnection.php(646): CodeIgniter\Database\BaseConnection->simpleQuery('SELECT "abo"."n...')
#4 C:\xampp\htdocs\2025_monitoring_bridging\vendor\codeigniter4\framework\system\Database\BaseBuilder.php(1649): CodeIgniter\Database\BaseConnection->query('SELECT "abo"."n...', Array, false)
#5 C:\xampp\htdocs\2025_monitoring_bridging\app\Models\ResepModel.php(89): CodeIgniter\Database\BaseBuilder->get()
#6 C:\xampp\htdocs\2025_monitoring_bridging\app\Controllers\BpjsInsertController.php(285): App\Models\ResepModel->getResepGrouped(Array)
#7 C:\xampp\htdocs\2025_monitoring_bridging\vendor\codeigniter4\framework\system\CodeIgniter.php(933): App\Controllers\BpjsInsertController->getResepSIMRS()
#8 C:\xampp\htdocs\2025_monitoring_bridging\vendor\codeigniter4\framework\system\CodeIgniter.php(507): CodeIgniter\CodeIgniter->runController(Object(App\Controllers\BpjsInsertController))
#9 C:\xampp\htdocs\2025_monitoring_bridging\vendor\codeigniter4\framework\system\CodeIgniter.php(354): CodeIgniter\CodeIgniter->handleRequest(NULL, Object(Config\Cache), false)
#10 C:\xampp\htdocs\2025_monitoring_bridging\vendor\codeigniter4\framework\system\Boot.php(363): CodeIgniter\CodeIgniter->run()
#11 C:\xampp\htdocs\2025_monitoring_bridging\vendor\codeigniter4\framework\system\Boot.php(68): CodeIgniter\Boot::runCodeIgniter(Object(CodeIgniter\CodeIgniter))
#12 C:\xampp\htdocs\2025_monitoring_bridging\public\index.php(59): CodeIgniter\Boot::bootWeb(Object(Config\Paths))
#13 {main}
CRITICAL - 2026-01-27 10:14:30 --> Error: Call to a member function getQuery() on null
[Method: POST, Route: res/search_resepSIMRS]
in APPPATH\Models\ResepModel.php on line 373.
 1 APPPATH\Controllers\BpjsInsertController.php(285): App\Models\ResepModel->getResepGrouped([...])
 2 SYSTEMPATH\CodeIgniter.php(933): App\Controllers\BpjsInsertController->getResepSIMRS()
 3 SYSTEMPATH\CodeIgniter.php(507): CodeIgniter\CodeIgniter->runController(Object(App\Controllers\BpjsInsertController))
 4 SYSTEMPATH\CodeIgniter.php(354): CodeIgniter\CodeIgniter->handleRequest(null, Object(Config\Cache), false)
 5 SYSTEMPATH\Boot.php(363): CodeIgniter\CodeIgniter->run()
 6 SYSTEMPATH\Boot.php(68): CodeIgniter\Boot::runCodeIgniter(Object(CodeIgniter\CodeIgniter))
 7 FCPATH\index.php(59): CodeIgniter\Boot::bootWeb(Object(Config\Paths))
CRITICAL - 2026-01-27 10:17:17 --> Error: Call to a member function getQuery() on null
[Method: POST, Route: res/search_resepSIMRS]
in APPPATH\Models\ResepModel.php on line 372.
 1 APPPATH\Controllers\BpjsInsertController.php(285): App\Models\ResepModel->getResepGrouped([...])
 2 SYSTEMPATH\CodeIgniter.php(933): App\Controllers\BpjsInsertController->getResepSIMRS()
 3 SYSTEMPATH\CodeIgniter.php(507): CodeIgniter\CodeIgniter->runController(Object(App\Controllers\BpjsInsertController))
 4 SYSTEMPATH\CodeIgniter.php(354): CodeIgniter\CodeIgniter->handleRequest(null, Object(Config\Cache), false)
 5 SYSTEMPATH\Boot.php(363): CodeIgniter\CodeIgniter->run()
 6 SYSTEMPATH\Boot.php(68): CodeIgniter\Boot::runCodeIgniter(Object(CodeIgniter\CodeIgniter))
 7 FCPATH\index.php(59): CodeIgniter\Boot::bootWeb(Object(Config\Paths))
CRITICAL - 2026-01-27 11:45:56 --> Error: Call to a member function getQuery() on null
[Method: POST, Route: res/search_resepSIMRS]
in APPPATH\Models\ResepModel.php on line 372.
 1 APPPATH\Controllers\BpjsInsertController.php(285): App\Models\ResepModel->getResepGrouped([...])
 2 SYSTEMPATH\CodeIgniter.php(933): App\Controllers\BpjsInsertController->getResepSIMRS()
 3 SYSTEMPATH\CodeIgniter.php(507): CodeIgniter\CodeIgniter->runController(Object(App\Controllers\BpjsInsertController))
 4 SYSTEMPATH\CodeIgniter.php(354): CodeIgniter\CodeIgniter->handleRequest(null, Object(Config\Cache), false)
 5 SYSTEMPATH\Boot.php(363): CodeIgniter\CodeIgniter->run()
 6 SYSTEMPATH\Boot.php(68): CodeIgniter\Boot::runCodeIgniter(Object(CodeIgniter\CodeIgniter))
 7 FCPATH\index.php(59): CodeIgniter\Boot::bootWeb(Object(Config\Paths))
CRITICAL - 2026-01-27 11:47:25 --> Error: Call to a member function getQuery() on null
[Method: POST, Route: res/search_resepSIMRS]
in APPPATH\Models\ResepModel.php on line 372.
 1 APPPATH\Controllers\BpjsInsertController.php(285): App\Models\ResepModel->getResepGrouped([...])
 2 SYSTEMPATH\CodeIgniter.php(933): App\Controllers\BpjsInsertController->getResepSIMRS()
 3 SYSTEMPATH\CodeIgniter.php(507): CodeIgniter\CodeIgniter->runController(Object(App\Controllers\BpjsInsertController))
 4 SYSTEMPATH\CodeIgniter.php(354): CodeIgniter\CodeIgniter->handleRequest(null, Object(Config\Cache), false)
 5 SYSTEMPATH\Boot.php(363): CodeIgniter\CodeIgniter->run()
 6 SYSTEMPATH\Boot.php(68): CodeIgniter\Boot::runCodeIgniter(Object(CodeIgniter\CodeIgniter))
 7 FCPATH\index.php(59): CodeIgniter\Boot::bootWeb(Object(Config\Paths))
ERROR - 2026-01-27 11:51:48 --> ErrorException: pg_query(): Query failed: ERROR:  column &quot;FALSE&quot; does not exist
LINE 13: ...tgl_transaksi&quot; = &quot;kun&quot;.&quot;tgl_masuk&quot; AND &quot;T&quot;.&quot;batal&quot; = &quot;FALSE&quot;
                                                                 ^ in C:\xampp\htdocs\2025_monitoring_bridging\vendor\codeigniter4\framework\system\Database\Postgre\Connection.php:206
Stack trace:
#0 [internal function]: CodeIgniter\Debug\Exceptions->errorHandler(2, 'pg_query(): Que...', 'C:\\xampp\\htdocs...', 206)
#1 C:\xampp\htdocs\2025_monitoring_bridging\vendor\codeigniter4\framework\system\Database\Postgre\Connection.php(206): pg_query(Object(PgSql\Connection), 'SELECT DISTINCT...')
#2 C:\xampp\htdocs\2025_monitoring_bridging\vendor\codeigniter4\framework\system\Database\BaseConnection.php(729): CodeIgniter\Database\Postgre\Connection->execute('SELECT DISTINCT...')
#3 C:\xampp\htdocs\2025_monitoring_bridging\vendor\codeigniter4\framework\system\Database\BaseConnection.php(646): CodeIgniter\Database\BaseConnection->simpleQuery('SELECT DISTINCT...')
#4 C:\xampp\htdocs\2025_monitoring_bridging\vendor\codeigniter4\framework\system\Database\BaseBuilder.php(1649): CodeIgniter\Database\BaseConnection->query('SELECT DISTINCT...', Array, false)
#5 C:\xampp\htdocs\2025_monitoring_bridging\app\Models\ResepModel.php(376): CodeIgniter\Database\BaseBuilder->get()
#6 C:\xampp\htdocs\2025_monitoring_bridging\app\Controllers\BpjsInsertController.php(285): App\Models\ResepModel->getResepGrouped(Array)
#7 C:\xampp\htdocs\2025_monitoring_bridging\vendor\codeigniter4\framework\system\CodeIgniter.php(933): App\Controllers\BpjsInsertController->getResepSIMRS()
#8 C:\xampp\htdocs\2025_monitoring_bridging\vendor\codeigniter4\framework\system\CodeIgniter.php(507): CodeIgniter\CodeIgniter->runController(Object(App\Controllers\BpjsInsertController))
#9 C:\xampp\htdocs\2025_monitoring_bridging\vendor\codeigniter4\framework\system\CodeIgniter.php(354): CodeIgniter\CodeIgniter->handleRequest(NULL, Object(Config\Cache), false)
#10 C:\xampp\htdocs\2025_monitoring_bridging\vendor\codeigniter4\framework\system\Boot.php(363): CodeIgniter\CodeIgniter->run()
#11 C:\xampp\htdocs\2025_monitoring_bridging\vendor\codeigniter4\framework\system\Boot.php(68): CodeIgniter\Boot::runCodeIgniter(Object(CodeIgniter\CodeIgniter))
#12 C:\xampp\htdocs\2025_monitoring_bridging\public\index.php(59): CodeIgniter\Boot::bootWeb(Object(Config\Paths))
#13 {main}
CRITICAL - 2026-01-27 11:52:22 --> Error: Call to undefined method CodeIgniter\Database\Postgre\Builder::getLastQuery()
[Method: POST, Route: res/search_resepSIMRS]
in APPPATH\Models\ResepModel.php on line 374.
 1 APPPATH\Controllers\BpjsInsertController.php(285): App\Models\ResepModel->getResepGrouped([...])
 2 SYSTEMPATH\CodeIgniter.php(933): App\Controllers\BpjsInsertController->getResepSIMRS()
 3 SYSTEMPATH\CodeIgniter.php(507): CodeIgniter\CodeIgniter->runController(Object(App\Controllers\BpjsInsertController))
 4 SYSTEMPATH\CodeIgniter.php(354): CodeIgniter\CodeIgniter->handleRequest(null, Object(Config\Cache), false)
 5 SYSTEMPATH\Boot.php(363): CodeIgniter\CodeIgniter->run()
 6 SYSTEMPATH\Boot.php(68): CodeIgniter\Boot::runCodeIgniter(Object(CodeIgniter\CodeIgniter))
 7 FCPATH\index.php(59): CodeIgniter\Boot::bootWeb(Object(Config\Paths))
CRITICAL - 2026-01-27 11:52:47 --> Error: Call to a member function getQuery() on null
[Method: POST, Route: res/search_resepSIMRS]
in APPPATH\Models\ResepModel.php on line 374.
 1 APPPATH\Controllers\BpjsInsertController.php(285): App\Models\ResepModel->getResepGrouped([...])
 2 SYSTEMPATH\CodeIgniter.php(933): App\Controllers\BpjsInsertController->getResepSIMRS()
 3 SYSTEMPATH\CodeIgniter.php(507): CodeIgniter\CodeIgniter->runController(Object(App\Controllers\BpjsInsertController))
 4 SYSTEMPATH\CodeIgniter.php(354): CodeIgniter\CodeIgniter->handleRequest(null, Object(Config\Cache), false)
 5 SYSTEMPATH\Boot.php(363): CodeIgniter\CodeIgniter->run()
 6 SYSTEMPATH\Boot.php(68): CodeIgniter\Boot::runCodeIgniter(Object(CodeIgniter\CodeIgniter))
 7 FCPATH\index.php(59): CodeIgniter\Boot::bootWeb(Object(Config\Paths))
ERROR - 2026-01-27 11:53:23 --> ErrorException: pg_query(): Query failed: ERROR:  column &quot;FALSE&quot; does not exist
LINE 13: ...tgl_transaksi&quot; = &quot;kun&quot;.&quot;tgl_masuk&quot; AND &quot;T&quot;.&quot;batal&quot; = &quot;FALSE&quot;
                                                                 ^ in C:\xampp\htdocs\2025_monitoring_bridging\vendor\codeigniter4\framework\system\Database\Postgre\Connection.php:206
Stack trace:
#0 [internal function]: CodeIgniter\Debug\Exceptions->errorHandler(2, 'pg_query(): Que...', 'C:\\xampp\\htdocs...', 206)
#1 C:\xampp\htdocs\2025_monitoring_bridging\vendor\codeigniter4\framework\system\Database\Postgre\Connection.php(206): pg_query(Object(PgSql\Connection), 'SELECT DISTINCT...')
#2 C:\xampp\htdocs\2025_monitoring_bridging\vendor\codeigniter4\framework\system\Database\BaseConnection.php(729): CodeIgniter\Database\Postgre\Connection->execute('SELECT DISTINCT...')
#3 C:\xampp\htdocs\2025_monitoring_bridging\vendor\codeigniter4\framework\system\Database\BaseConnection.php(646): CodeIgniter\Database\BaseConnection->simpleQuery('SELECT DISTINCT...')
#4 C:\xampp\htdocs\2025_monitoring_bridging\vendor\codeigniter4\framework\system\Database\BaseBuilder.php(1649): CodeIgniter\Database\BaseConnection->query('SELECT DISTINCT...', Array, false)
#5 C:\xampp\htdocs\2025_monitoring_bridging\app\Models\ResepModel.php(374): CodeIgniter\Database\BaseBuilder->get()
#6 C:\xampp\htdocs\2025_monitoring_bridging\app\Controllers\BpjsInsertController.php(285): App\Models\ResepModel->getResepGrouped(Array)
#7 C:\xampp\htdocs\2025_monitoring_bridging\vendor\codeigniter4\framework\system\CodeIgniter.php(933): App\Controllers\BpjsInsertController->getResepSIMRS()
#8 C:\xampp\htdocs\2025_monitoring_bridging\vendor\codeigniter4\framework\system\CodeIgniter.php(507): CodeIgniter\CodeIgniter->runController(Object(App\Controllers\BpjsInsertController))
#9 C:\xampp\htdocs\2025_monitoring_bridging\vendor\codeigniter4\framework\system\CodeIgniter.php(354): CodeIgniter\CodeIgniter->handleRequest(NULL, Object(Config\Cache), false)
#10 C:\xampp\htdocs\2025_monitoring_bridging\vendor\codeigniter4\framework\system\Boot.php(363): CodeIgniter\CodeIgniter->run()
#11 C:\xampp\htdocs\2025_monitoring_bridging\vendor\codeigniter4\framework\system\Boot.php(68): CodeIgniter\Boot::runCodeIgniter(Object(CodeIgniter\CodeIgniter))
#12 C:\xampp\htdocs\2025_monitoring_bridging\public\index.php(59): CodeIgniter\Boot::bootWeb(Object(Config\Paths))
#13 {main}
ERROR - 2026-01-27 11:53:44 --> ErrorException: pg_query(): Query failed: ERROR:  column &quot;FALSE&quot; does not exist
LINE 13: ...tgl_transaksi&quot; = &quot;kun&quot;.&quot;tgl_masuk&quot; AND &quot;T&quot;.&quot;batal&quot; = &quot;FALSE&quot;
                                                                 ^ in C:\xampp\htdocs\2025_monitoring_bridging\vendor\codeigniter4\framework\system\Database\Postgre\Connection.php:206
Stack trace:
#0 [internal function]: CodeIgniter\Debug\Exceptions->errorHandler(2, 'pg_query(): Que...', 'C:\\xampp\\htdocs...', 206)
#1 C:\xampp\htdocs\2025_monitoring_bridging\vendor\codeigniter4\framework\system\Database\Postgre\Connection.php(206): pg_query(Object(PgSql\Connection), 'SELECT DISTINCT...')
#2 C:\xampp\htdocs\2025_monitoring_bridging\vendor\codeigniter4\framework\system\Database\BaseConnection.php(729): CodeIgniter\Database\Postgre\Connection->execute('SELECT DISTINCT...')
#3 C:\xampp\htdocs\2025_monitoring_bridging\vendor\codeigniter4\framework\system\Database\BaseConnection.php(646): CodeIgniter\Database\BaseConnection->simpleQuery('SELECT DISTINCT...')
#4 C:\xampp\htdocs\2025_monitoring_bridging\vendor\codeigniter4\framework\system\Database\BaseBuilder.php(1649): CodeIgniter\Database\BaseConnection->query('SELECT DISTINCT...', Array, false)
#5 C:\xampp\htdocs\2025_monitoring_bridging\app\Models\ResepModel.php(374): CodeIgniter\Database\BaseBuilder->get()
#6 C:\xampp\htdocs\2025_monitoring_bridging\app\Controllers\BpjsInsertController.php(285): App\Models\ResepModel->getResepGrouped(Array)
#7 C:\xampp\htdocs\2025_monitoring_bridging\vendor\codeigniter4\framework\system\CodeIgniter.php(933): App\Controllers\BpjsInsertController->getResepSIMRS()
#8 C:\xampp\htdocs\2025_monitoring_bridging\vendor\codeigniter4\framework\system\CodeIgniter.php(507): CodeIgniter\CodeIgniter->runController(Object(App\Controllers\BpjsInsertController))
#9 C:\xampp\htdocs\2025_monitoring_bridging\vendor\codeigniter4\framework\system\CodeIgniter.php(354): CodeIgniter\CodeIgniter->handleRequest(NULL, Object(Config\Cache), false)
#10 C:\xampp\htdocs\2025_monitoring_bridging\vendor\codeigniter4\framework\system\Boot.php(363): CodeIgniter\CodeIgniter->run()
#11 C:\xampp\htdocs\2025_monitoring_bridging\vendor\codeigniter4\framework\system\Boot.php(68): CodeIgniter\Boot::runCodeIgniter(Object(CodeIgniter\CodeIgniter))
#12 C:\xampp\htdocs\2025_monitoring_bridging\public\index.php(59): CodeIgniter\Boot::bootWeb(Object(Config\Paths))
#13 {main}
ERROR - 2026-01-27 11:56:20 --> ErrorException: pg_query(): Query failed: ERROR:  column &quot;f&quot; does not exist
LINE 13: ...T&quot;.&quot;tgl_transaksi&quot; = &quot;kun&quot;.&quot;tgl_masuk&quot; AND &quot;T&quot;.&quot;batal&quot; = &quot;f&quot;
                                                                     ^ in C:\xampp\htdocs\2025_monitoring_bridging\vendor\codeigniter4\framework\system\Database\Postgre\Connection.php:206
Stack trace:
#0 [internal function]: CodeIgniter\Debug\Exceptions->errorHandler(2, 'pg_query(): Que...', 'C:\\xampp\\htdocs...', 206)
#1 C:\xampp\htdocs\2025_monitoring_bridging\vendor\codeigniter4\framework\system\Database\Postgre\Connection.php(206): pg_query(Object(PgSql\Connection), 'SELECT DISTINCT...')
#2 C:\xampp\htdocs\2025_monitoring_bridging\vendor\codeigniter4\framework\system\Database\BaseConnection.php(729): CodeIgniter\Database\Postgre\Connection->execute('SELECT DISTINCT...')
#3 C:\xampp\htdocs\2025_monitoring_bridging\vendor\codeigniter4\framework\system\Database\BaseConnection.php(646): CodeIgniter\Database\BaseConnection->simpleQuery('SELECT DISTINCT...')
#4 C:\xampp\htdocs\2025_monitoring_bridging\vendor\codeigniter4\framework\system\Database\BaseBuilder.php(1649): CodeIgniter\Database\BaseConnection->query('SELECT DISTINCT...', Array, false)
#5 C:\xampp\htdocs\2025_monitoring_bridging\app\Models\ResepModel.php(374): CodeIgniter\Database\BaseBuilder->get()
#6 C:\xampp\htdocs\2025_monitoring_bridging\app\Controllers\BpjsInsertController.php(285): App\Models\ResepModel->getResepGrouped(Array)
#7 C:\xampp\htdocs\2025_monitoring_bridging\vendor\codeigniter4\framework\system\CodeIgniter.php(933): App\Controllers\BpjsInsertController->getResepSIMRS()
#8 C:\xampp\htdocs\2025_monitoring_bridging\vendor\codeigniter4\framework\system\CodeIgniter.php(507): CodeIgniter\CodeIgniter->runController(Object(App\Controllers\BpjsInsertController))
#9 C:\xampp\htdocs\2025_monitoring_bridging\vendor\codeigniter4\framework\system\CodeIgniter.php(354): CodeIgniter\CodeIgniter->handleRequest(NULL, Object(Config\Cache), false)
#10 C:\xampp\htdocs\2025_monitoring_bridging\vendor\codeigniter4\framework\system\Boot.php(363): CodeIgniter\CodeIgniter->run()
#11 C:\xampp\htdocs\2025_monitoring_bridging\vendor\codeigniter4\framework\system\Boot.php(68): CodeIgniter\Boot::runCodeIgniter(Object(CodeIgniter\CodeIgniter))
#12 C:\xampp\htdocs\2025_monitoring_bridging\public\index.php(59): CodeIgniter\Boot::bootWeb(Object(Config\Paths))
#13 {main}
ERROR - 2026-01-27 11:57:06 --> ErrorException: pg_query(): Query failed: ERROR:  missing FROM-clause entry for table &quot;kunj&quot;
LINE 22: AND LEFT(kunj.kd_unit, 1) = '2'
                  ^ in C:\xampp\htdocs\2025_monitoring_bridging\vendor\codeigniter4\framework\system\Database\Postgre\Connection.php:206
Stack trace:
#0 [internal function]: CodeIgniter\Debug\Exceptions->errorHandler(2, 'pg_query(): Que...', 'C:\\xampp\\htdocs...', 206)
#1 C:\xampp\htdocs\2025_monitoring_bridging\vendor\codeigniter4\framework\system\Database\Postgre\Connection.php(206): pg_query(Object(PgSql\Connection), 'SELECT DISTINCT...')
#2 C:\xampp\htdocs\2025_monitoring_bridging\vendor\codeigniter4\framework\system\Database\BaseConnection.php(729): CodeIgniter\Database\Postgre\Connection->execute('SELECT DISTINCT...')
#3 C:\xampp\htdocs\2025_monitoring_bridging\vendor\codeigniter4\framework\system\Database\BaseConnection.php(646): CodeIgniter\Database\BaseConnection->simpleQuery('SELECT DISTINCT...')
#4 C:\xampp\htdocs\2025_monitoring_bridging\vendor\codeigniter4\framework\system\Database\BaseBuilder.php(1649): CodeIgniter\Database\BaseConnection->query('SELECT DISTINCT...', Array, false)
#5 C:\xampp\htdocs\2025_monitoring_bridging\app\Models\ResepModel.php(374): CodeIgniter\Database\BaseBuilder->get()
#6 C:\xampp\htdocs\2025_monitoring_bridging\app\Controllers\BpjsInsertController.php(285): App\Models\ResepModel->getResepGrouped(Array)
#7 C:\xampp\htdocs\2025_monitoring_bridging\vendor\codeigniter4\framework\system\CodeIgniter.php(933): App\Controllers\BpjsInsertController->getResepSIMRS()
#8 C:\xampp\htdocs\2025_monitoring_bridging\vendor\codeigniter4\framework\system\CodeIgniter.php(507): CodeIgniter\CodeIgniter->runController(Object(App\Controllers\BpjsInsertController))
#9 C:\xampp\htdocs\2025_monitoring_bridging\vendor\codeigniter4\framework\system\CodeIgniter.php(354): CodeIgniter\CodeIgniter->handleRequest(NULL, Object(Config\Cache), false)
#10 C:\xampp\htdocs\2025_monitoring_bridging\vendor\codeigniter4\framework\system\Boot.php(363): CodeIgniter\CodeIgniter->run()
#11 C:\xampp\htdocs\2025_monitoring_bridging\vendor\codeigniter4\framework\system\Boot.php(68): CodeIgniter\Boot::runCodeIgniter(Object(CodeIgniter\CodeIgniter))
#12 C:\xampp\htdocs\2025_monitoring_bridging\public\index.php(59): CodeIgniter\Boot::bootWeb(Object(Config\Paths))
#13 {main}
CRITICAL - 2026-01-27 11:57:34 --> Error: Call to undefined method CodeIgniter\Database\Postgre\Result::getLastQuery()
[Method: POST, Route: res/search_resepSIMRS]
in APPPATH\Models\ResepModel.php on line 374.
 1 APPPATH\Controllers\BpjsInsertController.php(285): App\Models\ResepModel->getResepGrouped([...])
 2 SYSTEMPATH\CodeIgniter.php(933): App\Controllers\BpjsInsertController->getResepSIMRS()
 3 SYSTEMPATH\CodeIgniter.php(507): CodeIgniter\CodeIgniter->runController(Object(App\Controllers\BpjsInsertController))
 4 SYSTEMPATH\CodeIgniter.php(354): CodeIgniter\CodeIgniter->handleRequest(null, Object(Config\Cache), false)
 5 SYSTEMPATH\Boot.php(363): CodeIgniter\CodeIgniter->run()
 6 SYSTEMPATH\Boot.php(68): CodeIgniter\Boot::runCodeIgniter(Object(CodeIgniter\CodeIgniter))
 7 FCPATH\index.php(59): CodeIgniter\Boot::bootWeb(Object(Config\Paths))
CRITICAL - 2026-01-27 11:57:52 --> Error: Call to undefined method CodeIgniter\Database\Postgre\Result::getQuery()
[Method: POST, Route: res/search_resepSIMRS]
in APPPATH\Models\ResepModel.php on line 374.
 1 APPPATH\Controllers\BpjsInsertController.php(285): App\Models\ResepModel->getResepGrouped([...])
 2 SYSTEMPATH\CodeIgniter.php(933): App\Controllers\BpjsInsertController->getResepSIMRS()
 3 SYSTEMPATH\CodeIgniter.php(507): CodeIgniter\CodeIgniter->runController(Object(App\Controllers\BpjsInsertController))
 4 SYSTEMPATH\CodeIgniter.php(354): CodeIgniter\CodeIgniter->handleRequest(null, Object(Config\Cache), false)
 5 SYSTEMPATH\Boot.php(363): CodeIgniter\CodeIgniter->run()
 6 SYSTEMPATH\Boot.php(68): CodeIgniter\Boot::runCodeIgniter(Object(CodeIgniter\CodeIgniter))
 7 FCPATH\index.php(59): CodeIgniter\Boot::bootWeb(Object(Config\Paths))
CRITICAL - 2026-01-27 11:59:29 --> Error: Call to a member function getQuery() on null
[Method: POST, Route: res/search_resepSIMRS]
in APPPATH\Models\ResepModel.php on line 374.
 1 APPPATH\Controllers\BpjsInsertController.php(285): App\Models\ResepModel->getResepGrouped([...])
 2 SYSTEMPATH\CodeIgniter.php(933): App\Controllers\BpjsInsertController->getResepSIMRS()
 3 SYSTEMPATH\CodeIgniter.php(507): CodeIgniter\CodeIgniter->runController(Object(App\Controllers\BpjsInsertController))
 4 SYSTEMPATH\CodeIgniter.php(354): CodeIgniter\CodeIgniter->handleRequest(null, Object(Config\Cache), false)
 5 SYSTEMPATH\Boot.php(363): CodeIgniter\CodeIgniter->run()
 6 SYSTEMPATH\Boot.php(68): CodeIgniter\Boot::runCodeIgniter(Object(CodeIgniter\CodeIgniter))
 7 FCPATH\index.php(59): CodeIgniter\Boot::bootWeb(Object(Config\Paths))
CRITICAL - 2026-01-27 12:01:48 --> Error: Call to a member function getQuery() on null
[Method: POST, Route: res/search_resepSIMRS]
in APPPATH\Models\ResepModel.php on line 374.
 1 APPPATH\Controllers\BpjsInsertController.php(285): App\Models\ResepModel->getResepGrouped([...])
 2 SYSTEMPATH\CodeIgniter.php(933): App\Controllers\BpjsInsertController->getResepSIMRS()
 3 SYSTEMPATH\CodeIgniter.php(507): CodeIgniter\CodeIgniter->runController(Object(App\Controllers\BpjsInsertController))
 4 SYSTEMPATH\CodeIgniter.php(354): CodeIgniter\CodeIgniter->handleRequest(null, Object(Config\Cache), false)
 5 SYSTEMPATH\Boot.php(363): CodeIgniter\CodeIgniter->run()
 6 SYSTEMPATH\Boot.php(68): CodeIgniter\Boot::runCodeIgniter(Object(CodeIgniter\CodeIgniter))
 7 FCPATH\index.php(59): CodeIgniter\Boot::bootWeb(Object(Config\Paths))
CRITICAL - 2026-01-27 15:08:16 --> ErrorException: Undefined property: App\Controllers\BpjsInsertController::$db
[Method: POST, Route: res/getDetailObat]
in APPPATH\Controllers\BpjsInsertController.php on line 417.
 1 APPPATH\Controllers\BpjsInsertController.php(417): CodeIgniter\Debug\Exceptions->errorHandler(2, 'Undefined property: App\\Controllers\\BpjsInsertController::$db', 'C:\\xampp\\htdocs\\2025_monitoring_bridging\\app\\Controllers\\BpjsInsertController.php', 417)
 2 SYSTEMPATH\CodeIgniter.php(933): App\Controllers\BpjsInsertController->getDetailObat()
 3 SYSTEMPATH\CodeIgniter.php(507): CodeIgniter\CodeIgniter->runController(Object(App\Controllers\BpjsInsertController))
 4 SYSTEMPATH\CodeIgniter.php(354): CodeIgniter\CodeIgniter->handleRequest(null, Object(Config\Cache), false)
 5 SYSTEMPATH\Boot.php(363): CodeIgniter\CodeIgniter->run()
 6 SYSTEMPATH\Boot.php(68): CodeIgniter\Boot::runCodeIgniter(Object(CodeIgniter\CodeIgniter))
 7 FCPATH\index.php(59): CodeIgniter\Boot::bootWeb(Object(Config\Paths))
