ERROR - 2026-01-29 14:44:57 --> ErrorException: pg_query(): Query failed: ERROR:  invalid input syntax for type smallint: &quot;a&quot;
LINE 1: ...1-08-05 00:00:00&quot;,&quot;KdDokter&quot;:&quot;0&quot;,&quot;iterasi&quot;:&quot;0&quot;}', 'a', '{&quot;re...
                                                             ^ in C:\xampp\htdocs\2025_monitoring_bridging\vendor\codeigniter4\framework\system\Database\Postgre\Connection.php:206
Stack trace:
#0 [internal function]: CodeIgniter\Debug\Exceptions->errorHandler(2, 'pg_query(): Que...', 'C:\\xampp\\htdocs...', 206)
#1 C:\xampp\htdocs\2025_monitoring_bridging\vendor\codeigniter4\framework\system\Database\Postgre\Connection.php(206): pg_query(Object(PgSql\Connection), 'INSERT INTO "bp...')
#2 C:\xampp\htdocs\2025_monitoring_bridging\vendor\codeigniter4\framework\system\Database\BaseConnection.php(729): CodeIgniter\Database\Postgre\Connection->execute('INSERT INTO "bp...')
#3 C:\xampp\htdocs\2025_monitoring_bridging\vendor\codeigniter4\framework\system\Database\BaseConnection.php(646): CodeIgniter\Database\BaseConnection->simpleQuery('INSERT INTO "bp...')
#4 C:\xampp\htdocs\2025_monitoring_bridging\vendor\codeigniter4\framework\system\Database\BaseBuilder.php(2345): CodeIgniter\Database\BaseConnection->query('INSERT INTO "bp...', Array, false)
#5 C:\xampp\htdocs\2025_monitoring_bridging\vendor\codeigniter4\framework\system\Model.php(394): CodeIgniter\Database\BaseBuilder->insert()
#6 C:\xampp\htdocs\2025_monitoring_bridging\vendor\codeigniter4\framework\system\BaseModel.php(838): CodeIgniter\Model->doInsert(Array)
#7 C:\xampp\htdocs\2025_monitoring_bridging\vendor\codeigniter4\framework\system\Model.php(797): CodeIgniter\BaseModel->insert(Array, true)
#8 C:\xampp\htdocs\2025_monitoring_bridging\app\Helpers\log_helper.php(7): CodeIgniter\Model->insert(Array)
#9 C:\xampp\htdocs\2025_monitoring_bridging\app\Libraries\BpjsFarmasi_InsertService.php(145): log_to_db(Array)
#10 C:\xampp\htdocs\2025_monitoring_bridging\app\Controllers\BpjsController.php(340): App\Libraries\BpjsFarmasi_InsertService->request('POST', '/sjpresep/v3/in...', '{"TGLSJP":"2021...', 'a')
#11 C:\xampp\htdocs\2025_monitoring_bridging\vendor\codeigniter4\framework\system\CodeIgniter.php(933): App\Controllers\BpjsController->sjpresep('a')
#12 C:\xampp\htdocs\2025_monitoring_bridging\vendor\codeigniter4\framework\system\CodeIgniter.php(507): CodeIgniter\CodeIgniter->runController(Object(App\Controllers\BpjsController))
#13 C:\xampp\htdocs\2025_monitoring_bridging\vendor\codeigniter4\framework\system\CodeIgniter.php(354): CodeIgniter\CodeIgniter->handleRequest(NULL, Object(Config\Cache), false)
#14 C:\xampp\htdocs\2025_monitoring_bridging\vendor\codeigniter4\framework\system\Boot.php(363): CodeIgniter\CodeIgniter->run()
#15 C:\xampp\htdocs\2025_monitoring_bridging\vendor\codeigniter4\framework\system\Boot.php(68): CodeIgniter\Boot::runCodeIgniter(Object(CodeIgniter\CodeIgniter))
#16 C:\xampp\htdocs\2025_monitoring_bridging\public\index.php(59): CodeIgniter\Boot::bootWeb(Object(Config\Paths))
#17 {main}
CRITICAL - 2026-01-29 14:44:57 --> CodeIgniter\Database\Exceptions\DatabaseException: pg_query(): Query failed: ERROR:  invalid input syntax for type smallint: &quot;a&quot;
LINE 1: ...1-08-05 00:00:00&quot;,&quot;KdDokter&quot;:&quot;0&quot;,&quot;iterasi&quot;:&quot;0&quot;}', 'a', '{&quot;re...
                                                             ^
[Method: GET, Route: bpjs/insert/getsjpresep/a]
in SYSTEMPATH\Database\BaseConnection.php on line 684.
 1 SYSTEMPATH\Database\BaseBuilder.php(2345): CodeIgniter\Database\BaseConnection->query('INSERT INTO "bpjs_logs" ("endpoint", "method", "request_header", "request_body", "iduser", "response_body", "response_code", "response_message", "created_at") VALUES (:endpoint:, :method:, :request_header:, :request_body:, :iduser:, :response_body:, :response_code:, :response_message:, :created_at:)', [...], false)
 2 SYSTEMPATH\Model.php(394): CodeIgniter\Database\BaseBuilder->insert()
 3 SYSTEMPATH\BaseModel.php(838): CodeIgniter\Model->doInsert([...])
 4 SYSTEMPATH\Model.php(797): CodeIgniter\BaseModel->insert([...], true)
 5 APPPATH\Helpers\log_helper.php(7): CodeIgniter\Model->insert([...])
 6 APPPATH\Libraries\BpjsFarmasi_InsertService.php(145): log_to_db([...])
 7 APPPATH\Controllers\BpjsController.php(340): App\Libraries\BpjsFarmasi_InsertService->request('POST', '/sjpresep/v3/insert', '{"TGLSJP":"2021-08-05 18:13:11","REFASALSJP":"1202R0010318V000092","POLIRSP":"IPD","KDJNSOBAT":"3","NORESEP":"12346","IDUSERSJP":"USR-01","TGLRSP":"2021-08-05 00:00:00","TGLPELRSP":"2021-08-05 00:00:00","KdDokter":"0","iterasi":"0"}', 'a')
 8 SYSTEMPATH\CodeIgniter.php(933): App\Controllers\BpjsController->sjpresep('a')
 9 SYSTEMPATH\CodeIgniter.php(507): CodeIgniter\CodeIgniter->runController(Object(App\Controllers\BpjsController))
10 SYSTEMPATH\CodeIgniter.php(354): CodeIgniter\CodeIgniter->handleRequest(null, Object(Config\Cache), false)
11 SYSTEMPATH\Boot.php(363): CodeIgniter\CodeIgniter->run()
12 SYSTEMPATH\Boot.php(68): CodeIgniter\Boot::runCodeIgniter(Object(CodeIgniter\CodeIgniter))
13 FCPATH\index.php(59): CodeIgniter\Boot::bootWeb(Object(Config\Paths))
CRITICAL - 2026-01-29 14:44:57 --> [Caused by] CodeIgniter\Database\Exceptions\DatabaseException: pg_query(): Query failed: ERROR:  invalid input syntax for type smallint: &quot;a&quot;
LINE 1: ...1-08-05 00:00:00&quot;,&quot;KdDokter&quot;:&quot;0&quot;,&quot;iterasi&quot;:&quot;0&quot;}', 'a', '{&quot;re...
                                                             ^
in SYSTEMPATH\Database\Postgre\Connection.php on line 211.
 1 SYSTEMPATH\Database\BaseConnection.php(729): CodeIgniter\Database\Postgre\Connection->execute('INSERT INTO "bpjs_logs" ("endpoint", "method", "request_header", "request_body", "iduser", "response_body", "response_code", "response_message", "created_at") VALUES (\'https://apijkn-dev.bpjs-kesehatan.go.id/apotek-rest-dev/sjpresep/v3/insert\', \'POST\',  E\'["X-Cons-ID: 20743","X-Timestamp: 1769672696","X-Signature: V6N+yiRv\\\\/W2po3XJfySCFcZYOynFerEjSX030JvC598=","user_key: 5d50b7d8b05f3207171d1bad86e8ea73","Content-Type: application\\\\/x-www-form-urlencoded"]\', \'{"TGLSJP":"2021-08-05 18:13:11","REFASALSJP":"1202R0010318V000092","POLIRSP":"IPD","KDJNSOBAT":"3","NORESEP":"12346","IDUSERSJP":"USR-01","TGLRSP":"2021-08-05 00:00:00","TGLPELRSP":"2021-08-05 00:00:00","KdDokter":"0","iterasi":"0"}\', \'a\', \'{"response":null,"metaData":{"code":"404","message":"Data tidak ditemukan"}}\', \'404\', \'Data tidak ditemukan\', \'2026-01-29 14:44:56\')')
 2 SYSTEMPATH\Database\BaseConnection.php(646): CodeIgniter\Database\BaseConnection->simpleQuery('INSERT INTO "bpjs_logs" ("endpoint", "method", "request_header", "request_body", "iduser", "response_body", "response_code", "response_message", "created_at") VALUES (\'https://apijkn-dev.bpjs-kesehatan.go.id/apotek-rest-dev/sjpresep/v3/insert\', \'POST\',  E\'["X-Cons-ID: 20743","X-Timestamp: 1769672696","X-Signature: V6N+yiRv\\\\/W2po3XJfySCFcZYOynFerEjSX030JvC598=","user_key: 5d50b7d8b05f3207171d1bad86e8ea73","Content-Type: application\\\\/x-www-form-urlencoded"]\', \'{"TGLSJP":"2021-08-05 18:13:11","REFASALSJP":"1202R0010318V000092","POLIRSP":"IPD","KDJNSOBAT":"3","NORESEP":"12346","IDUSERSJP":"USR-01","TGLRSP":"2021-08-05 00:00:00","TGLPELRSP":"2021-08-05 00:00:00","KdDokter":"0","iterasi":"0"}\', \'a\', \'{"response":null,"metaData":{"code":"404","message":"Data tidak ditemukan"}}\', \'404\', \'Data tidak ditemukan\', \'2026-01-29 14:44:56\')')
 3 SYSTEMPATH\Database\BaseBuilder.php(2345): CodeIgniter\Database\BaseConnection->query('INSERT INTO "bpjs_logs" ("endpoint", "method", "request_header", "request_body", "iduser", "response_body", "response_code", "response_message", "created_at") VALUES (:endpoint:, :method:, :request_header:, :request_body:, :iduser:, :response_body:, :response_code:, :response_message:, :created_at:)', [...], false)
 4 SYSTEMPATH\Model.php(394): CodeIgniter\Database\BaseBuilder->insert()
 5 SYSTEMPATH\BaseModel.php(838): CodeIgniter\Model->doInsert([...])
 6 SYSTEMPATH\Model.php(797): CodeIgniter\BaseModel->insert([...], true)
 7 APPPATH\Helpers\log_helper.php(7): CodeIgniter\Model->insert([...])
 8 APPPATH\Libraries\BpjsFarmasi_InsertService.php(145): log_to_db([...])
 9 APPPATH\Controllers\BpjsController.php(340): App\Libraries\BpjsFarmasi_InsertService->request('POST', '/sjpresep/v3/insert', '{"TGLSJP":"2021-08-05 18:13:11","REFASALSJP":"1202R0010318V000092","POLIRSP":"IPD","KDJNSOBAT":"3","NORESEP":"12346","IDUSERSJP":"USR-01","TGLRSP":"2021-08-05 00:00:00","TGLPELRSP":"2021-08-05 00:00:00","KdDokter":"0","iterasi":"0"}', 'a')
10 SYSTEMPATH\CodeIgniter.php(933): App\Controllers\BpjsController->sjpresep('a')
11 SYSTEMPATH\CodeIgniter.php(507): CodeIgniter\CodeIgniter->runController(Object(App\Controllers\BpjsController))
12 SYSTEMPATH\CodeIgniter.php(354): CodeIgniter\CodeIgniter->handleRequest(null, Object(Config\Cache), false)
13 SYSTEMPATH\Boot.php(363): CodeIgniter\CodeIgniter->run()
14 SYSTEMPATH\Boot.php(68): CodeIgniter\Boot::runCodeIgniter(Object(CodeIgniter\CodeIgniter))
15 FCPATH\index.php(59): CodeIgniter\Boot::bootWeb(Object(Config\Paths))
CRITICAL - 2026-01-29 14:44:57 --> [Caused by] ErrorException: pg_query(): Query failed: ERROR:  invalid input syntax for type smallint: &quot;a&quot;
LINE 1: ...1-08-05 00:00:00&quot;,&quot;KdDokter&quot;:&quot;0&quot;,&quot;iterasi&quot;:&quot;0&quot;}', 'a', '{&quot;re...
                                                             ^
in SYSTEMPATH\Database\Postgre\Connection.php on line 206.
 1 [internal function]: CodeIgniter\Debug\Exceptions->errorHandler(2, 'pg_query(): Query failed: ERROR:  invalid input syntax for type smallint: &quot;a&quot;
LINE 1: ...1-08-05 00:00:00&quot;,&quot;KdDokter&quot;:&quot;0&quot;,&quot;iterasi&quot;:&quot;0&quot;}\', \'a\', \'{&quot;re...
                                                             ^', 'C:\\xampp\\htdocs\\2025_monitoring_bridging\\vendor\\codeigniter4\\framework\\system\\Database\\Postgre\\Connection.php', 206)
 2 SYSTEMPATH\Database\Postgre\Connection.php(206): pg_query(Object(PgSql\Connection), 'INSERT INTO "bpjs_logs" ("endpoint", "method", "request_header", "request_body", "iduser", "response_body", "response_code", "response_message", "created_at") VALUES (\'https://apijkn-dev.bpjs-kesehatan.go.id/apotek-rest-dev/sjpresep/v3/insert\', \'POST\',  E\'["X-Cons-ID: 20743","X-Timestamp: 1769672696","X-Signature: V6N+yiRv\\\\/W2po3XJfySCFcZYOynFerEjSX030JvC598=","user_key: 5d50b7d8b05f3207171d1bad86e8ea73","Content-Type: application\\\\/x-www-form-urlencoded"]\', \'{"TGLSJP":"2021-08-05 18:13:11","REFASALSJP":"1202R0010318V000092","POLIRSP":"IPD","KDJNSOBAT":"3","NORESEP":"12346","IDUSERSJP":"USR-01","TGLRSP":"2021-08-05 00:00:00","TGLPELRSP":"2021-08-05 00:00:00","KdDokter":"0","iterasi":"0"}\', \'a\', \'{"response":null,"metaData":{"code":"404","message":"Data tidak ditemukan"}}\', \'404\', \'Data tidak ditemukan\', \'2026-01-29 14:44:56\')')
 3 SYSTEMPATH\Database\BaseConnection.php(729): CodeIgniter\Database\Postgre\Connection->execute('INSERT INTO "bpjs_logs" ("endpoint", "method", "request_header", "request_body", "iduser", "response_body", "response_code", "response_message", "created_at") VALUES (\'https://apijkn-dev.bpjs-kesehatan.go.id/apotek-rest-dev/sjpresep/v3/insert\', \'POST\',  E\'["X-Cons-ID: 20743","X-Timestamp: 1769672696","X-Signature: V6N+yiRv\\\\/W2po3XJfySCFcZYOynFerEjSX030JvC598=","user_key: 5d50b7d8b05f3207171d1bad86e8ea73","Content-Type: application\\\\/x-www-form-urlencoded"]\', \'{"TGLSJP":"2021-08-05 18:13:11","REFASALSJP":"1202R0010318V000092","POLIRSP":"IPD","KDJNSOBAT":"3","NORESEP":"12346","IDUSERSJP":"USR-01","TGLRSP":"2021-08-05 00:00:00","TGLPELRSP":"2021-08-05 00:00:00","KdDokter":"0","iterasi":"0"}\', \'a\', \'{"response":null,"metaData":{"code":"404","message":"Data tidak ditemukan"}}\', \'404\', \'Data tidak ditemukan\', \'2026-01-29 14:44:56\')')
 4 SYSTEMPATH\Database\BaseConnection.php(646): CodeIgniter\Database\BaseConnection->simpleQuery('INSERT INTO "bpjs_logs" ("endpoint", "method", "request_header", "request_body", "iduser", "response_body", "response_code", "response_message", "created_at") VALUES (\'https://apijkn-dev.bpjs-kesehatan.go.id/apotek-rest-dev/sjpresep/v3/insert\', \'POST\',  E\'["X-Cons-ID: 20743","X-Timestamp: 1769672696","X-Signature: V6N+yiRv\\\\/W2po3XJfySCFcZYOynFerEjSX030JvC598=","user_key: 5d50b7d8b05f3207171d1bad86e8ea73","Content-Type: application\\\\/x-www-form-urlencoded"]\', \'{"TGLSJP":"2021-08-05 18:13:11","REFASALSJP":"1202R0010318V000092","POLIRSP":"IPD","KDJNSOBAT":"3","NORESEP":"12346","IDUSERSJP":"USR-01","TGLRSP":"2021-08-05 00:00:00","TGLPELRSP":"2021-08-05 00:00:00","KdDokter":"0","iterasi":"0"}\', \'a\', \'{"response":null,"metaData":{"code":"404","message":"Data tidak ditemukan"}}\', \'404\', \'Data tidak ditemukan\', \'2026-01-29 14:44:56\')')
 5 SYSTEMPATH\Database\BaseBuilder.php(2345): CodeIgniter\Database\BaseConnection->query('INSERT INTO "bpjs_logs" ("endpoint", "method", "request_header", "request_body", "iduser", "response_body", "response_code", "response_message", "created_at") VALUES (:endpoint:, :method:, :request_header:, :request_body:, :iduser:, :response_body:, :response_code:, :response_message:, :created_at:)', [...], false)
 6 SYSTEMPATH\Model.php(394): CodeIgniter\Database\BaseBuilder->insert()
 7 SYSTEMPATH\BaseModel.php(838): CodeIgniter\Model->doInsert([...])
 8 SYSTEMPATH\Model.php(797): CodeIgniter\BaseModel->insert([...], true)
 9 APPPATH\Helpers\log_helper.php(7): CodeIgniter\Model->insert([...])
10 APPPATH\Libraries\BpjsFarmasi_InsertService.php(145): log_to_db([...])
11 APPPATH\Controllers\BpjsController.php(340): App\Libraries\BpjsFarmasi_InsertService->request('POST', '/sjpresep/v3/insert', '{"TGLSJP":"2021-08-05 18:13:11","REFASALSJP":"1202R0010318V000092","POLIRSP":"IPD","KDJNSOBAT":"3","NORESEP":"12346","IDUSERSJP":"USR-01","TGLRSP":"2021-08-05 00:00:00","TGLPELRSP":"2021-08-05 00:00:00","KdDokter":"0","iterasi":"0"}', 'a')
12 SYSTEMPATH\CodeIgniter.php(933): App\Controllers\BpjsController->sjpresep('a')
13 SYSTEMPATH\CodeIgniter.php(507): CodeIgniter\CodeIgniter->runController(Object(App\Controllers\BpjsController))
14 SYSTEMPATH\CodeIgniter.php(354): CodeIgniter\CodeIgniter->handleRequest(null, Object(Config\Cache), false)
15 SYSTEMPATH\Boot.php(363): CodeIgniter\CodeIgniter->run()
16 SYSTEMPATH\Boot.php(68): CodeIgniter\Boot::runCodeIgniter(Object(CodeIgniter\CodeIgniter))
17 FCPATH\index.php(59): CodeIgniter\Boot::bootWeb(Object(Config\Paths))
ERROR - 2026-01-29 14:46:03 --> ErrorException: pg_query(): Query failed: ERROR:  invalid input syntax for type smallint: &quot;$1&quot;
LINE 1: ...1-08-05 00:00:00&quot;,&quot;KdDokter&quot;:&quot;0&quot;,&quot;iterasi&quot;:&quot;0&quot;}', '$1', '{&quot;r...
                                                             ^ in C:\xampp\htdocs\2025_monitoring_bridging\vendor\codeigniter4\framework\system\Database\Postgre\Connection.php:206
Stack trace:
#0 [internal function]: CodeIgniter\Debug\Exceptions->errorHandler(2, 'pg_query(): Que...', 'C:\\xampp\\htdocs...', 206)
#1 C:\xampp\htdocs\2025_monitoring_bridging\vendor\codeigniter4\framework\system\Database\Postgre\Connection.php(206): pg_query(Object(PgSql\Connection), 'INSERT INTO "bp...')
#2 C:\xampp\htdocs\2025_monitoring_bridging\vendor\codeigniter4\framework\system\Database\BaseConnection.php(729): CodeIgniter\Database\Postgre\Connection->execute('INSERT INTO "bp...')
#3 C:\xampp\htdocs\2025_monitoring_bridging\vendor\codeigniter4\framework\system\Database\BaseConnection.php(646): CodeIgniter\Database\BaseConnection->simpleQuery('INSERT INTO "bp...')
#4 C:\xampp\htdocs\2025_monitoring_bridging\vendor\codeigniter4\framework\system\Database\BaseBuilder.php(2345): CodeIgniter\Database\BaseConnection->query('INSERT INTO "bp...', Array, false)
#5 C:\xampp\htdocs\2025_monitoring_bridging\vendor\codeigniter4\framework\system\Model.php(394): CodeIgniter\Database\BaseBuilder->insert()
#6 C:\xampp\htdocs\2025_monitoring_bridging\vendor\codeigniter4\framework\system\BaseModel.php(838): CodeIgniter\Model->doInsert(Array)
#7 C:\xampp\htdocs\2025_monitoring_bridging\vendor\codeigniter4\framework\system\Model.php(797): CodeIgniter\BaseModel->insert(Array, true)
#8 C:\xampp\htdocs\2025_monitoring_bridging\app\Helpers\log_helper.php(7): CodeIgniter\Model->insert(Array)
#9 C:\xampp\htdocs\2025_monitoring_bridging\app\Libraries\BpjsFarmasi_InsertService.php(145): log_to_db(Array)
#10 C:\xampp\htdocs\2025_monitoring_bridging\app\Controllers\BpjsController.php(340): App\Libraries\BpjsFarmasi_InsertService->request('POST', '/sjpresep/v3/in...', '{"TGLSJP":"2021...', '$1')
#11 C:\xampp\htdocs\2025_monitoring_bridging\vendor\codeigniter4\framework\system\CodeIgniter.php(933): App\Controllers\BpjsController->sjpresep('$1')
#12 C:\xampp\htdocs\2025_monitoring_bridging\vendor\codeigniter4\framework\system\CodeIgniter.php(507): CodeIgniter\CodeIgniter->runController(Object(App\Controllers\BpjsController))
#13 C:\xampp\htdocs\2025_monitoring_bridging\vendor\codeigniter4\framework\system\CodeIgniter.php(354): CodeIgniter\CodeIgniter->handleRequest(NULL, Object(Config\Cache), false)
#14 C:\xampp\htdocs\2025_monitoring_bridging\vendor\codeigniter4\framework\system\Boot.php(363): CodeIgniter\CodeIgniter->run()
#15 C:\xampp\htdocs\2025_monitoring_bridging\vendor\codeigniter4\framework\system\Boot.php(68): CodeIgniter\Boot::runCodeIgniter(Object(CodeIgniter\CodeIgniter))
#16 C:\xampp\htdocs\2025_monitoring_bridging\public\index.php(59): CodeIgniter\Boot::bootWeb(Object(Config\Paths))
#17 {main}
CRITICAL - 2026-01-29 14:46:03 --> CodeIgniter\Database\Exceptions\DatabaseException: pg_query(): Query failed: ERROR:  invalid input syntax for type smallint: &quot;$1&quot;
LINE 1: ...1-08-05 00:00:00&quot;,&quot;KdDokter&quot;:&quot;0&quot;,&quot;iterasi&quot;:&quot;0&quot;}', '$1', '{&quot;r...
                                                             ^
[Method: GET, Route: bpjs/insert/getsjpresep]
in SYSTEMPATH\Database\BaseConnection.php on line 684.
 1 SYSTEMPATH\Database\BaseBuilder.php(2345): CodeIgniter\Database\BaseConnection->query('INSERT INTO "bpjs_logs" ("endpoint", "method", "request_header", "request_body", "iduser", "response_body", "response_code", "response_message", "created_at") VALUES (:endpoint:, :method:, :request_header:, :request_body:, :iduser:, :response_body:, :response_code:, :response_message:, :created_at:)', [...], false)
 2 SYSTEMPATH\Model.php(394): CodeIgniter\Database\BaseBuilder->insert()
 3 SYSTEMPATH\BaseModel.php(838): CodeIgniter\Model->doInsert([...])
 4 SYSTEMPATH\Model.php(797): CodeIgniter\BaseModel->insert([...], true)
 5 APPPATH\Helpers\log_helper.php(7): CodeIgniter\Model->insert([...])
 6 APPPATH\Libraries\BpjsFarmasi_InsertService.php(145): log_to_db([...])
 7 APPPATH\Controllers\BpjsController.php(340): App\Libraries\BpjsFarmasi_InsertService->request('POST', '/sjpresep/v3/insert', '{"TGLSJP":"2021-08-05 18:13:11","REFASALSJP":"1202R0010318V000092","POLIRSP":"IPD","KDJNSOBAT":"3","NORESEP":"12346","IDUSERSJP":"USR-01","TGLRSP":"2021-08-05 00:00:00","TGLPELRSP":"2021-08-05 00:00:00","KdDokter":"0","iterasi":"0"}', '$1')
 8 SYSTEMPATH\CodeIgniter.php(933): App\Controllers\BpjsController->sjpresep('$1')
 9 SYSTEMPATH\CodeIgniter.php(507): CodeIgniter\CodeIgniter->runController(Object(App\Controllers\BpjsController))
10 SYSTEMPATH\CodeIgniter.php(354): CodeIgniter\CodeIgniter->handleRequest(null, Object(Config\Cache), false)
11 SYSTEMPATH\Boot.php(363): CodeIgniter\CodeIgniter->run()
12 SYSTEMPATH\Boot.php(68): CodeIgniter\Boot::runCodeIgniter(Object(CodeIgniter\CodeIgniter))
13 FCPATH\index.php(59): CodeIgniter\Boot::bootWeb(Object(Config\Paths))
CRITICAL - 2026-01-29 14:46:03 --> [Caused by] CodeIgniter\Database\Exceptions\DatabaseException: pg_query(): Query failed: ERROR:  invalid input syntax for type smallint: &quot;$1&quot;
LINE 1: ...1-08-05 00:00:00&quot;,&quot;KdDokter&quot;:&quot;0&quot;,&quot;iterasi&quot;:&quot;0&quot;}', '$1', '{&quot;r...
                                                             ^
in SYSTEMPATH\Database\Postgre\Connection.php on line 211.
 1 SYSTEMPATH\Database\BaseConnection.php(729): CodeIgniter\Database\Postgre\Connection->execute('INSERT INTO "bpjs_logs" ("endpoint", "method", "request_header", "request_body", "iduser", "response_body", "response_code", "response_message", "created_at") VALUES (\'https://apijkn-dev.bpjs-kesehatan.go.id/apotek-rest-dev/sjpresep/v3/insert\', \'POST\',  E\'["X-Cons-ID: 20743","X-Timestamp: 1769672762","X-Signature: ke80HaXc0ICI0So92DLtX3fc5huTGGGTAiJXkxX75SM=","user_key: 5d50b7d8b05f3207171d1bad86e8ea73","Content-Type: application\\\\/x-www-form-urlencoded"]\', \'{"TGLSJP":"2021-08-05 18:13:11","REFASALSJP":"1202R0010318V000092","POLIRSP":"IPD","KDJNSOBAT":"3","NORESEP":"12346","IDUSERSJP":"USR-01","TGLRSP":"2021-08-05 00:00:00","TGLPELRSP":"2021-08-05 00:00:00","KdDokter":"0","iterasi":"0"}\', \'$1\', \'{"response":null,"metaData":{"code":"404","message":"Data tidak ditemukan"}}\', \'404\', \'Data tidak ditemukan\', \'2026-01-29 14:46:02\')')
 2 SYSTEMPATH\Database\BaseConnection.php(646): CodeIgniter\Database\BaseConnection->simpleQuery('INSERT INTO "bpjs_logs" ("endpoint", "method", "request_header", "request_body", "iduser", "response_body", "response_code", "response_message", "created_at") VALUES (\'https://apijkn-dev.bpjs-kesehatan.go.id/apotek-rest-dev/sjpresep/v3/insert\', \'POST\',  E\'["X-Cons-ID: 20743","X-Timestamp: 1769672762","X-Signature: ke80HaXc0ICI0So92DLtX3fc5huTGGGTAiJXkxX75SM=","user_key: 5d50b7d8b05f3207171d1bad86e8ea73","Content-Type: application\\\\/x-www-form-urlencoded"]\', \'{"TGLSJP":"2021-08-05 18:13:11","REFASALSJP":"1202R0010318V000092","POLIRSP":"IPD","KDJNSOBAT":"3","NORESEP":"12346","IDUSERSJP":"USR-01","TGLRSP":"2021-08-05 00:00:00","TGLPELRSP":"2021-08-05 00:00:00","KdDokter":"0","iterasi":"0"}\', \'$1\', \'{"response":null,"metaData":{"code":"404","message":"Data tidak ditemukan"}}\', \'404\', \'Data tidak ditemukan\', \'2026-01-29 14:46:02\')')
 3 SYSTEMPATH\Database\BaseBuilder.php(2345): CodeIgniter\Database\BaseConnection->query('INSERT INTO "bpjs_logs" ("endpoint", "method", "request_header", "request_body", "iduser", "response_body", "response_code", "response_message", "created_at") VALUES (:endpoint:, :method:, :request_header:, :request_body:, :iduser:, :response_body:, :response_code:, :response_message:, :created_at:)', [...], false)
 4 SYSTEMPATH\Model.php(394): CodeIgniter\Database\BaseBuilder->insert()
 5 SYSTEMPATH\BaseModel.php(838): CodeIgniter\Model->doInsert([...])
 6 SYSTEMPATH\Model.php(797): CodeIgniter\BaseModel->insert([...], true)
 7 APPPATH\Helpers\log_helper.php(7): CodeIgniter\Model->insert([...])
 8 APPPATH\Libraries\BpjsFarmasi_InsertService.php(145): log_to_db([...])
 9 APPPATH\Controllers\BpjsController.php(340): App\Libraries\BpjsFarmasi_InsertService->request('POST', '/sjpresep/v3/insert', '{"TGLSJP":"2021-08-05 18:13:11","REFASALSJP":"1202R0010318V000092","POLIRSP":"IPD","KDJNSOBAT":"3","NORESEP":"12346","IDUSERSJP":"USR-01","TGLRSP":"2021-08-05 00:00:00","TGLPELRSP":"2021-08-05 00:00:00","KdDokter":"0","iterasi":"0"}', '$1')
10 SYSTEMPATH\CodeIgniter.php(933): App\Controllers\BpjsController->sjpresep('$1')
11 SYSTEMPATH\CodeIgniter.php(507): CodeIgniter\CodeIgniter->runController(Object(App\Controllers\BpjsController))
12 SYSTEMPATH\CodeIgniter.php(354): CodeIgniter\CodeIgniter->handleRequest(null, Object(Config\Cache), false)
13 SYSTEMPATH\Boot.php(363): CodeIgniter\CodeIgniter->run()
14 SYSTEMPATH\Boot.php(68): CodeIgniter\Boot::runCodeIgniter(Object(CodeIgniter\CodeIgniter))
15 FCPATH\index.php(59): CodeIgniter\Boot::bootWeb(Object(Config\Paths))
CRITICAL - 2026-01-29 14:46:03 --> [Caused by] ErrorException: pg_query(): Query failed: ERROR:  invalid input syntax for type smallint: &quot;$1&quot;
LINE 1: ...1-08-05 00:00:00&quot;,&quot;KdDokter&quot;:&quot;0&quot;,&quot;iterasi&quot;:&quot;0&quot;}', '$1', '{&quot;r...
                                                             ^
in SYSTEMPATH\Database\Postgre\Connection.php on line 206.
 1 [internal function]: CodeIgniter\Debug\Exceptions->errorHandler(2, 'pg_query(): Query failed: ERROR:  invalid input syntax for type smallint: &quot;$1&quot;
LINE 1: ...1-08-05 00:00:00&quot;,&quot;KdDokter&quot;:&quot;0&quot;,&quot;iterasi&quot;:&quot;0&quot;}\', \'$1\', \'{&quot;r...
                                                             ^', 'C:\\xampp\\htdocs\\2025_monitoring_bridging\\vendor\\codeigniter4\\framework\\system\\Database\\Postgre\\Connection.php', 206)
 2 SYSTEMPATH\Database\Postgre\Connection.php(206): pg_query(Object(PgSql\Connection), 'INSERT INTO "bpjs_logs" ("endpoint", "method", "request_header", "request_body", "iduser", "response_body", "response_code", "response_message", "created_at") VALUES (\'https://apijkn-dev.bpjs-kesehatan.go.id/apotek-rest-dev/sjpresep/v3/insert\', \'POST\',  E\'["X-Cons-ID: 20743","X-Timestamp: 1769672762","X-Signature: ke80HaXc0ICI0So92DLtX3fc5huTGGGTAiJXkxX75SM=","user_key: 5d50b7d8b05f3207171d1bad86e8ea73","Content-Type: application\\\\/x-www-form-urlencoded"]\', \'{"TGLSJP":"2021-08-05 18:13:11","REFASALSJP":"1202R0010318V000092","POLIRSP":"IPD","KDJNSOBAT":"3","NORESEP":"12346","IDUSERSJP":"USR-01","TGLRSP":"2021-08-05 00:00:00","TGLPELRSP":"2021-08-05 00:00:00","KdDokter":"0","iterasi":"0"}\', \'$1\', \'{"response":null,"metaData":{"code":"404","message":"Data tidak ditemukan"}}\', \'404\', \'Data tidak ditemukan\', \'2026-01-29 14:46:02\')')
 3 SYSTEMPATH\Database\BaseConnection.php(729): CodeIgniter\Database\Postgre\Connection->execute('INSERT INTO "bpjs_logs" ("endpoint", "method", "request_header", "request_body", "iduser", "response_body", "response_code", "response_message", "created_at") VALUES (\'https://apijkn-dev.bpjs-kesehatan.go.id/apotek-rest-dev/sjpresep/v3/insert\', \'POST\',  E\'["X-Cons-ID: 20743","X-Timestamp: 1769672762","X-Signature: ke80HaXc0ICI0So92DLtX3fc5huTGGGTAiJXkxX75SM=","user_key: 5d50b7d8b05f3207171d1bad86e8ea73","Content-Type: application\\\\/x-www-form-urlencoded"]\', \'{"TGLSJP":"2021-08-05 18:13:11","REFASALSJP":"1202R0010318V000092","POLIRSP":"IPD","KDJNSOBAT":"3","NORESEP":"12346","IDUSERSJP":"USR-01","TGLRSP":"2021-08-05 00:00:00","TGLPELRSP":"2021-08-05 00:00:00","KdDokter":"0","iterasi":"0"}\', \'$1\', \'{"response":null,"metaData":{"code":"404","message":"Data tidak ditemukan"}}\', \'404\', \'Data tidak ditemukan\', \'2026-01-29 14:46:02\')')
 4 SYSTEMPATH\Database\BaseConnection.php(646): CodeIgniter\Database\BaseConnection->simpleQuery('INSERT INTO "bpjs_logs" ("endpoint", "method", "request_header", "request_body", "iduser", "response_body", "response_code", "response_message", "created_at") VALUES (\'https://apijkn-dev.bpjs-kesehatan.go.id/apotek-rest-dev/sjpresep/v3/insert\', \'POST\',  E\'["X-Cons-ID: 20743","X-Timestamp: 1769672762","X-Signature: ke80HaXc0ICI0So92DLtX3fc5huTGGGTAiJXkxX75SM=","user_key: 5d50b7d8b05f3207171d1bad86e8ea73","Content-Type: application\\\\/x-www-form-urlencoded"]\', \'{"TGLSJP":"2021-08-05 18:13:11","REFASALSJP":"1202R0010318V000092","POLIRSP":"IPD","KDJNSOBAT":"3","NORESEP":"12346","IDUSERSJP":"USR-01","TGLRSP":"2021-08-05 00:00:00","TGLPELRSP":"2021-08-05 00:00:00","KdDokter":"0","iterasi":"0"}\', \'$1\', \'{"response":null,"metaData":{"code":"404","message":"Data tidak ditemukan"}}\', \'404\', \'Data tidak ditemukan\', \'2026-01-29 14:46:02\')')
 5 SYSTEMPATH\Database\BaseBuilder.php(2345): CodeIgniter\Database\BaseConnection->query('INSERT INTO "bpjs_logs" ("endpoint", "method", "request_header", "request_body", "iduser", "response_body", "response_code", "response_message", "created_at") VALUES (:endpoint:, :method:, :request_header:, :request_body:, :iduser:, :response_body:, :response_code:, :response_message:, :created_at:)', [...], false)
 6 SYSTEMPATH\Model.php(394): CodeIgniter\Database\BaseBuilder->insert()
 7 SYSTEMPATH\BaseModel.php(838): CodeIgniter\Model->doInsert([...])
 8 SYSTEMPATH\Model.php(797): CodeIgniter\BaseModel->insert([...], true)
 9 APPPATH\Helpers\log_helper.php(7): CodeIgniter\Model->insert([...])
10 APPPATH\Libraries\BpjsFarmasi_InsertService.php(145): log_to_db([...])
11 APPPATH\Controllers\BpjsController.php(340): App\Libraries\BpjsFarmasi_InsertService->request('POST', '/sjpresep/v3/insert', '{"TGLSJP":"2021-08-05 18:13:11","REFASALSJP":"1202R0010318V000092","POLIRSP":"IPD","KDJNSOBAT":"3","NORESEP":"12346","IDUSERSJP":"USR-01","TGLRSP":"2021-08-05 00:00:00","TGLPELRSP":"2021-08-05 00:00:00","KdDokter":"0","iterasi":"0"}', '$1')
12 SYSTEMPATH\CodeIgniter.php(933): App\Controllers\BpjsController->sjpresep('$1')
13 SYSTEMPATH\CodeIgniter.php(507): CodeIgniter\CodeIgniter->runController(Object(App\Controllers\BpjsController))
14 SYSTEMPATH\CodeIgniter.php(354): CodeIgniter\CodeIgniter->handleRequest(null, Object(Config\Cache), false)
15 SYSTEMPATH\Boot.php(363): CodeIgniter\CodeIgniter->run()
16 SYSTEMPATH\Boot.php(68): CodeIgniter\Boot::runCodeIgniter(Object(CodeIgniter\CodeIgniter))
17 FCPATH\index.php(59): CodeIgniter\Boot::bootWeb(Object(Config\Paths))
