CRITICAL - 2026-03-09 00:57:23 --> TypeError: App\Libraries\BpjsFarmasi_InsertService::decrypt(): Argument #1 ($response) must be of type string, null given, called in C:\xampp\htdocs\2025_monitoring_bridging\app\Libraries\BpjsFarmasi_InsertService.php on line 162
[Method: GET, Route: bpjs/delete/del_hapusresep/00124/0216A01603260000001/1308R0010326V000004/1]
in APPPATH\Libraries\BpjsFarmasi_InsertService.php on line 56.
 1 APPPATH\Libraries\BpjsFarmasi_InsertService.php(162): App\Libraries\BpjsFarmasi_InsertService->decrypt(null, '1772992642')
 2 APPPATH\Controllers\BpjsController.php(342): App\Libraries\BpjsFarmasi_InsertService->request('DELETE', '/hapusresep', '{"nosjp":"0216A01603260000001","refasalsjp":"1308R0010326V000004","noresep":"00124"}', '1')
 3 SYSTEMPATH\CodeIgniter.php(933): App\Controllers\BpjsController->del_hapusresep('00124', '0216A01603260000001', '1308R0010326V000004', '1')
 4 SYSTEMPATH\CodeIgniter.php(507): CodeIgniter\CodeIgniter->runController(Object(App\Controllers\BpjsController))
 5 SYSTEMPATH\CodeIgniter.php(354): CodeIgniter\CodeIgniter->handleRequest(null, Object(Config\Cache), false)
 6 SYSTEMPATH\Boot.php(363): CodeIgniter\CodeIgniter->run()
 7 SYSTEMPATH\Boot.php(68): CodeIgniter\Boot::runCodeIgniter(Object(CodeIgniter\CodeIgniter))
 8 FCPATH\index.php(59): CodeIgniter\Boot::bootWeb(Object(Config\Paths))
CRITICAL - 2026-03-09 01:01:36 --> TypeError: App\Libraries\BpjsFarmasi_InsertService::decrypt(): Argument #1 ($response) must be of type string, null given, called in C:\xampp\htdocs\2025_monitoring_bridging\app\Libraries\BpjsFarmasi_InsertService.php on line 162
[Method: GET, Route: bpjs/delete/del_hapusresep/00124/0216A01603260000001/1308R0010326V000004/1]
in APPPATH\Libraries\BpjsFarmasi_InsertService.php on line 56.
 1 APPPATH\Libraries\BpjsFarmasi_InsertService.php(162): App\Libraries\BpjsFarmasi_InsertService->decrypt(null, '1772992896')
 2 APPPATH\Controllers\BpjsController.php(342): App\Libraries\BpjsFarmasi_InsertService->request('DELETE', '/hapusresep', '{"nosjp":"0216A01603260000001","refasalsjp":"1308R0010326V000004","noresep":"00124"}', '1')
 3 SYSTEMPATH\CodeIgniter.php(933): App\Controllers\BpjsController->del_hapusresep('00124', '0216A01603260000001', '1308R0010326V000004', '1')
 4 SYSTEMPATH\CodeIgniter.php(507): CodeIgniter\CodeIgniter->runController(Object(App\Controllers\BpjsController))
 5 SYSTEMPATH\CodeIgniter.php(354): CodeIgniter\CodeIgniter->handleRequest(null, Object(Config\Cache), false)
 6 SYSTEMPATH\Boot.php(363): CodeIgniter\CodeIgniter->run()
 7 SYSTEMPATH\Boot.php(68): CodeIgniter\Boot::runCodeIgniter(Object(CodeIgniter\CodeIgniter))
 8 FCPATH\index.php(59): CodeIgniter\Boot::bootWeb(Object(Config\Paths))
CRITICAL - 2026-03-09 01:03:07 --> TypeError: App\Libraries\BpjsFarmasi_InsertService::decrypt(): Argument #1 ($response) must be of type string, null given, called in C:\xampp\htdocs\2025_monitoring_bridging\app\Libraries\BpjsFarmasi_InsertService.php on line 162
[Method: GET, Route: bpjs/delete/del_hapusresep/00124/0216A01603260000001/1308R0010326V000004/1]
in APPPATH\Libraries\BpjsFarmasi_InsertService.php on line 56.
 1 APPPATH\Libraries\BpjsFarmasi_InsertService.php(162): App\Libraries\BpjsFarmasi_InsertService->decrypt(null, '1772992987')
 2 APPPATH\Controllers\BpjsController.php(342): App\Libraries\BpjsFarmasi_InsertService->request('DELETE', '/hapusresep', '{"nosjp":"0216A01603260000001","refasalsjp":"1308R0010326V000004","noresep":"00124"}', '1')
 3 SYSTEMPATH\CodeIgniter.php(933): App\Controllers\BpjsController->del_hapusresep('00124', '0216A01603260000001', '1308R0010326V000004', '1')
 4 SYSTEMPATH\CodeIgniter.php(507): CodeIgniter\CodeIgniter->runController(Object(App\Controllers\BpjsController))
 5 SYSTEMPATH\CodeIgniter.php(354): CodeIgniter\CodeIgniter->handleRequest(null, Object(Config\Cache), false)
 6 SYSTEMPATH\Boot.php(363): CodeIgniter\CodeIgniter->run()
 7 SYSTEMPATH\Boot.php(68): CodeIgniter\Boot::runCodeIgniter(Object(CodeIgniter\CodeIgniter))
 8 FCPATH\index.php(59): CodeIgniter\Boot::bootWeb(Object(Config\Paths))
CRITICAL - 2026-03-09 01:05:55 --> TypeError: App\Libraries\BpjsFarmasi_InsertService::decrypt(): Argument #1 ($response) must be of type string, null given, called in C:\xampp\htdocs\2025_monitoring_bridging\app\Libraries\BpjsFarmasi_InsertService.php on line 162
[Method: GET, Route: bpjs/delete/del_hapusresep/00124/0216A01603260000001/1308R0010326V000004/1]
in APPPATH\Libraries\BpjsFarmasi_InsertService.php on line 56.
 1 APPPATH\Libraries\BpjsFarmasi_InsertService.php(162): App\Libraries\BpjsFarmasi_InsertService->decrypt(null, '1772993155')
 2 APPPATH\Controllers\BpjsController.php(342): App\Libraries\BpjsFarmasi_InsertService->request('DELETE', '/hapusresep', '{"nosjp":"0216A01603260000001","refasalsjp":"1308R0010326V000004","noresep":"00124"}', '1')
 3 SYSTEMPATH\CodeIgniter.php(933): App\Controllers\BpjsController->del_hapusresep('00124', '0216A01603260000001', '1308R0010326V000004', '1')
 4 SYSTEMPATH\CodeIgniter.php(507): CodeIgniter\CodeIgniter->runController(Object(App\Controllers\BpjsController))
 5 SYSTEMPATH\CodeIgniter.php(354): CodeIgniter\CodeIgniter->handleRequest(null, Object(Config\Cache), false)
 6 SYSTEMPATH\Boot.php(363): CodeIgniter\CodeIgniter->run()
 7 SYSTEMPATH\Boot.php(68): CodeIgniter\Boot::runCodeIgniter(Object(CodeIgniter\CodeIgniter))
 8 FCPATH\index.php(59): CodeIgniter\Boot::bootWeb(Object(Config\Paths))
CRITICAL - 2026-03-09 01:11:49 --> TypeError: App\Libraries\BpjsFarmasi_InsertService::decrypt(): Argument #1 ($response) must be of type string, null given, called in C:\xampp\htdocs\2025_monitoring_bridging\app\Libraries\BpjsFarmasi_InsertService.php on line 162
[Method: GET, Route: bpjs/delete/del_hapusresep/00124/0216A01603260000001/1308R0010326V000004/1]
in APPPATH\Libraries\BpjsFarmasi_InsertService.php on line 56.
 1 APPPATH\Libraries\BpjsFarmasi_InsertService.php(162): App\Libraries\BpjsFarmasi_InsertService->decrypt(null, '1772993509')
 2 APPPATH\Controllers\BpjsController.php(342): App\Libraries\BpjsFarmasi_InsertService->request('DELETE', '/hapusresep', '{"nosjp":"0216A01603260000001","refasalsjp":"1308R0010326V000004","noresep":"00124"}', '1')
 3 SYSTEMPATH\CodeIgniter.php(933): App\Controllers\BpjsController->del_hapusresep('00124', '0216A01603260000001', '1308R0010326V000004', '1')
 4 SYSTEMPATH\CodeIgniter.php(507): CodeIgniter\CodeIgniter->runController(Object(App\Controllers\BpjsController))
 5 SYSTEMPATH\CodeIgniter.php(354): CodeIgniter\CodeIgniter->handleRequest(null, Object(Config\Cache), false)
 6 SYSTEMPATH\Boot.php(363): CodeIgniter\CodeIgniter->run()
 7 SYSTEMPATH\Boot.php(68): CodeIgniter\Boot::runCodeIgniter(Object(CodeIgniter\CodeIgniter))
 8 FCPATH\index.php(59): CodeIgniter\Boot::bootWeb(Object(Config\Paths))
CRITICAL - 2026-03-09 01:12:51 --> TypeError: App\Libraries\BpjsFarmasi_InsertService::decrypt(): Argument #1 ($response) must be of type string, null given, called in C:\xampp\htdocs\2025_monitoring_bridging\app\Libraries\BpjsFarmasi_InsertService.php on line 162
[Method: GET, Route: bpjs/delete/del_hapusresep/00124/0216A01603260000001/1308R0010326V000004/1]
in APPPATH\Libraries\BpjsFarmasi_InsertService.php on line 56.
 1 APPPATH\Libraries\BpjsFarmasi_InsertService.php(162): App\Libraries\BpjsFarmasi_InsertService->decrypt(null, '1772993571')
 2 APPPATH\Controllers\BpjsController.php(342): App\Libraries\BpjsFarmasi_InsertService->request('DELETE', '/hapusresep', '{"nosjp":"0216A01603260000001","refasalsjp":"1308R0010326V000004","noresep":"00124"}', '1')
 3 SYSTEMPATH\CodeIgniter.php(933): App\Controllers\BpjsController->del_hapusresep('00124', '0216A01603260000001', '1308R0010326V000004', '1')
 4 SYSTEMPATH\CodeIgniter.php(507): CodeIgniter\CodeIgniter->runController(Object(App\Controllers\BpjsController))
 5 SYSTEMPATH\CodeIgniter.php(354): CodeIgniter\CodeIgniter->handleRequest(null, Object(Config\Cache), false)
 6 SYSTEMPATH\Boot.php(363): CodeIgniter\CodeIgniter->run()
 7 SYSTEMPATH\Boot.php(68): CodeIgniter\Boot::runCodeIgniter(Object(CodeIgniter\CodeIgniter))
 8 FCPATH\index.php(59): CodeIgniter\Boot::bootWeb(Object(Config\Paths))
CRITICAL - 2026-03-09 01:21:56 --> TypeError: App\Libraries\BpjsFarmasi_InsertService::decrypt(): Argument #1 ($response) must be of type string, null given, called in C:\xampp\htdocs\2025_monitoring_bridging\app\Libraries\BpjsFarmasi_InsertService.php on line 162
[Method: GET, Route: bpjs/delete/del_hapusresep/00124/0216A01603260000001/1308R0010326V000004/1]
in APPPATH\Libraries\BpjsFarmasi_InsertService.php on line 56.
 1 APPPATH\Libraries\BpjsFarmasi_InsertService.php(162): App\Libraries\BpjsFarmasi_InsertService->decrypt(null, '1772994116')
 2 APPPATH\Controllers\BpjsController.php(342): App\Libraries\BpjsFarmasi_InsertService->request('DELETE', '/hapusresep', '{"nosjp":"0216A01603260000001","refasalsjp":"1308R0010326V000004","noresep":"00124"}', '1')
 3 SYSTEMPATH\CodeIgniter.php(933): App\Controllers\BpjsController->del_hapusresep('00124', '0216A01603260000001', '1308R0010326V000004', '1')
 4 SYSTEMPATH\CodeIgniter.php(507): CodeIgniter\CodeIgniter->runController(Object(App\Controllers\BpjsController))
 5 SYSTEMPATH\CodeIgniter.php(354): CodeIgniter\CodeIgniter->handleRequest(null, Object(Config\Cache), false)
 6 SYSTEMPATH\Boot.php(363): CodeIgniter\CodeIgniter->run()
 7 SYSTEMPATH\Boot.php(68): CodeIgniter\Boot::runCodeIgniter(Object(CodeIgniter\CodeIgniter))
 8 FCPATH\index.php(59): CodeIgniter\Boot::bootWeb(Object(Config\Paths))
CRITICAL - 2026-03-09 01:26:17 --> TypeError: App\Libraries\BpjsFarmasi_InsertService::decrypt(): Argument #1 ($response) must be of type string, null given, called in C:\xampp\htdocs\2025_monitoring_bridging\app\Libraries\BpjsFarmasi_InsertService.php on line 162
[Method: GET, Route: bpjs/delete/del_hapusresep/00124/0216A01603260000001/1308R0010326V000004/1]
in APPPATH\Libraries\BpjsFarmasi_InsertService.php on line 56.
 1 APPPATH\Libraries\BpjsFarmasi_InsertService.php(162): App\Libraries\BpjsFarmasi_InsertService->decrypt(null, '1772994376')
 2 APPPATH\Controllers\BpjsController.php(342): App\Libraries\BpjsFarmasi_InsertService->request('DELETE', '/hapusresep', '{"nosjp":"0216A01603260000001","refasalsjp":"1308R0010326V000004","noresep":"00124"}', '1')
 3 SYSTEMPATH\CodeIgniter.php(933): App\Controllers\BpjsController->del_hapusresep('00124', '0216A01603260000001', '1308R0010326V000004', '1')
 4 SYSTEMPATH\CodeIgniter.php(507): CodeIgniter\CodeIgniter->runController(Object(App\Controllers\BpjsController))
 5 SYSTEMPATH\CodeIgniter.php(354): CodeIgniter\CodeIgniter->handleRequest(null, Object(Config\Cache), false)
 6 SYSTEMPATH\Boot.php(363): CodeIgniter\CodeIgniter->run()
 7 SYSTEMPATH\Boot.php(68): CodeIgniter\Boot::runCodeIgniter(Object(CodeIgniter\CodeIgniter))
 8 FCPATH\index.php(59): CodeIgniter\Boot::bootWeb(Object(Config\Paths))
CRITICAL - 2026-03-09 01:26:52 --> TypeError: App\Libraries\BpjsFarmasi_InsertService::decrypt(): Argument #1 ($response) must be of type string, null given, called in C:\xampp\htdocs\2025_monitoring_bridging\app\Libraries\BpjsFarmasi_InsertService.php on line 162
[Method: GET, Route: bpjs/delete/del_hapusresep/00124/0216A01603260000001/1308R0010326V000004/1]
in APPPATH\Libraries\BpjsFarmasi_InsertService.php on line 56.
 1 APPPATH\Libraries\BpjsFarmasi_InsertService.php(162): App\Libraries\BpjsFarmasi_InsertService->decrypt(null, '1772994412')
 2 APPPATH\Controllers\BpjsController.php(342): App\Libraries\BpjsFarmasi_InsertService->request('DELETE', '/hapusresep', '{"nosjp":"0216A01603260000001","refasalsjp":"1308R0010326V000004","noresep":"00124"}', '1')
 3 SYSTEMPATH\CodeIgniter.php(933): App\Controllers\BpjsController->del_hapusresep('00124', '0216A01603260000001', '1308R0010326V000004', '1')
 4 SYSTEMPATH\CodeIgniter.php(507): CodeIgniter\CodeIgniter->runController(Object(App\Controllers\BpjsController))
 5 SYSTEMPATH\CodeIgniter.php(354): CodeIgniter\CodeIgniter->handleRequest(null, Object(Config\Cache), false)
 6 SYSTEMPATH\Boot.php(363): CodeIgniter\CodeIgniter->run()
 7 SYSTEMPATH\Boot.php(68): CodeIgniter\Boot::runCodeIgniter(Object(CodeIgniter\CodeIgniter))
 8 FCPATH\index.php(59): CodeIgniter\Boot::bootWeb(Object(Config\Paths))
CRITICAL - 2026-03-09 01:28:49 --> TypeError: App\Libraries\BpjsFarmasi_InsertService::decrypt(): Argument #1 ($response) must be of type string, null given, called in C:\xampp\htdocs\2025_monitoring_bridging\app\Libraries\BpjsFarmasi_InsertService.php on line 162
[Method: GET, Route: bpjs/delete/del_hapusresep/00124/0216A01603260000001/1308R0010326V000004/1]
in APPPATH\Libraries\BpjsFarmasi_InsertService.php on line 56.
 1 APPPATH\Libraries\BpjsFarmasi_InsertService.php(162): App\Libraries\BpjsFarmasi_InsertService->decrypt(null, '1772994529')
 2 APPPATH\Controllers\BpjsController.php(342): App\Libraries\BpjsFarmasi_InsertService->request('DELETE', '/hapusresep', '{"nosjp":"0216A01603260000001","refasalsjp":"1308R0010326V000004","noresep":"00124"}', '1')
 3 SYSTEMPATH\CodeIgniter.php(933): App\Controllers\BpjsController->del_hapusresep('00124', '0216A01603260000001', '1308R0010326V000004', '1')
 4 SYSTEMPATH\CodeIgniter.php(507): CodeIgniter\CodeIgniter->runController(Object(App\Controllers\BpjsController))
 5 SYSTEMPATH\CodeIgniter.php(354): CodeIgniter\CodeIgniter->handleRequest(null, Object(Config\Cache), false)
 6 SYSTEMPATH\Boot.php(363): CodeIgniter\CodeIgniter->run()
 7 SYSTEMPATH\Boot.php(68): CodeIgniter\Boot::runCodeIgniter(Object(CodeIgniter\CodeIgniter))
 8 FCPATH\index.php(59): CodeIgniter\Boot::bootWeb(Object(Config\Paths))
CRITICAL - 2026-03-09 01:30:37 --> TypeError: App\Libraries\BpjsFarmasi_InsertService::decrypt(): Argument #1 ($response) must be of type string, null given, called in C:\xampp\htdocs\2025_monitoring_bridging\app\Libraries\BpjsFarmasi_InsertService.php on line 162
[Method: GET, Route: bpjs/delete/del_hapusresep/00124/0216A01603260000001/1308R0010326V000004/1]
in APPPATH\Libraries\BpjsFarmasi_InsertService.php on line 56.
 1 APPPATH\Libraries\BpjsFarmasi_InsertService.php(162): App\Libraries\BpjsFarmasi_InsertService->decrypt(null, '1772994636')
 2 APPPATH\Controllers\BpjsController.php(342): App\Libraries\BpjsFarmasi_InsertService->request('DELETE', '/hapusresep', '{"nosjp":"0216A01603260000001","refasalsjp":"1308R0010326V000004","noresep":"00124"}', '1')
 3 SYSTEMPATH\CodeIgniter.php(933): App\Controllers\BpjsController->del_hapusresep('00124', '0216A01603260000001', '1308R0010326V000004', '1')
 4 SYSTEMPATH\CodeIgniter.php(507): CodeIgniter\CodeIgniter->runController(Object(App\Controllers\BpjsController))
 5 SYSTEMPATH\CodeIgniter.php(354): CodeIgniter\CodeIgniter->handleRequest(null, Object(Config\Cache), false)
 6 SYSTEMPATH\Boot.php(363): CodeIgniter\CodeIgniter->run()
 7 SYSTEMPATH\Boot.php(68): CodeIgniter\Boot::runCodeIgniter(Object(CodeIgniter\CodeIgniter))
 8 FCPATH\index.php(59): CodeIgniter\Boot::bootWeb(Object(Config\Paths))
CRITICAL - 2026-03-09 01:31:32 --> TypeError: App\Libraries\BpjsFarmasi_InsertService::decrypt(): Argument #1 ($response) must be of type string, null given, called in C:\xampp\htdocs\2025_monitoring_bridging\app\Libraries\BpjsFarmasi_InsertService.php on line 162
[Method: GET, Route: bpjs/delete/del_hapusresep/00122/0216A01603260000004/1308R0010326V000004/1]
in APPPATH\Libraries\BpjsFarmasi_InsertService.php on line 56.
 1 APPPATH\Libraries\BpjsFarmasi_InsertService.php(162): App\Libraries\BpjsFarmasi_InsertService->decrypt(null, '1772994692')
 2 APPPATH\Controllers\BpjsController.php(342): App\Libraries\BpjsFarmasi_InsertService->request('DELETE', '/hapusresep', '{"nosjp":"0216A01603260000004","refasalsjp":"1308R0010326V000004","noresep":"00122"}', '1')
 3 SYSTEMPATH\CodeIgniter.php(933): App\Controllers\BpjsController->del_hapusresep('00122', '0216A01603260000004', '1308R0010326V000004', '1')
 4 SYSTEMPATH\CodeIgniter.php(507): CodeIgniter\CodeIgniter->runController(Object(App\Controllers\BpjsController))
 5 SYSTEMPATH\CodeIgniter.php(354): CodeIgniter\CodeIgniter->handleRequest(null, Object(Config\Cache), false)
 6 SYSTEMPATH\Boot.php(363): CodeIgniter\CodeIgniter->run()
 7 SYSTEMPATH\Boot.php(68): CodeIgniter\Boot::runCodeIgniter(Object(CodeIgniter\CodeIgniter))
 8 FCPATH\index.php(59): CodeIgniter\Boot::bootWeb(Object(Config\Paths))
CRITICAL - 2026-03-09 01:34:03 --> TypeError: App\Libraries\BpjsFarmasi_InsertService::decrypt(): Argument #1 ($response) must be of type string, null given, called in C:\xampp\htdocs\2025_monitoring_bridging\app\Libraries\BpjsFarmasi_InsertService.php on line 162
[Method: GET, Route: bpjs/delete/del_hapusresep/00120/0216A01603260000002/1308R0010326V000004/1]
in APPPATH\Libraries\BpjsFarmasi_InsertService.php on line 56.
 1 APPPATH\Libraries\BpjsFarmasi_InsertService.php(162): App\Libraries\BpjsFarmasi_InsertService->decrypt(null, '1772994843')
 2 APPPATH\Controllers\BpjsController.php(342): App\Libraries\BpjsFarmasi_InsertService->request('DELETE', '/hapusresep', '{"nosjp":"0216A01603260000002","refasalsjp":"1308R0010326V000004","noresep":"00120"}', '1')
 3 SYSTEMPATH\CodeIgniter.php(933): App\Controllers\BpjsController->del_hapusresep('00120', '0216A01603260000002', '1308R0010326V000004', '1')
 4 SYSTEMPATH\CodeIgniter.php(507): CodeIgniter\CodeIgniter->runController(Object(App\Controllers\BpjsController))
 5 SYSTEMPATH\CodeIgniter.php(354): CodeIgniter\CodeIgniter->handleRequest(null, Object(Config\Cache), false)
 6 SYSTEMPATH\Boot.php(363): CodeIgniter\CodeIgniter->run()
 7 SYSTEMPATH\Boot.php(68): CodeIgniter\Boot::runCodeIgniter(Object(CodeIgniter\CodeIgniter))
 8 FCPATH\index.php(59): CodeIgniter\Boot::bootWeb(Object(Config\Paths))
CRITICAL - 2026-03-09 01:42:58 --> TypeError: App\Libraries\BpjsFarmasi_InsertService::decrypt(): Argument #1 ($response) must be of type string, null given, called in C:\xampp\htdocs\2025_monitoring_bridging\app\Libraries\BpjsFarmasi_InsertService.php on line 162
[Method: GET, Route: bpjs/delete/del_hapusresep/00125/0216A01603260000006/1308R0010326V000004/1]
in APPPATH\Libraries\BpjsFarmasi_InsertService.php on line 56.
 1 APPPATH\Libraries\BpjsFarmasi_InsertService.php(162): App\Libraries\BpjsFarmasi_InsertService->decrypt(null, '1772995377')
 2 APPPATH\Controllers\BpjsController.php(342): App\Libraries\BpjsFarmasi_InsertService->request('DELETE', '/hapusresep', '{"nosjp":"0216A01603260000006","refasalsjp":"1308R0010326V000004","noresep":"00125"}', '1')
 3 SYSTEMPATH\CodeIgniter.php(933): App\Controllers\BpjsController->del_hapusresep('00125', '0216A01603260000006', '1308R0010326V000004', '1')
 4 SYSTEMPATH\CodeIgniter.php(507): CodeIgniter\CodeIgniter->runController(Object(App\Controllers\BpjsController))
 5 SYSTEMPATH\CodeIgniter.php(354): CodeIgniter\CodeIgniter->handleRequest(null, Object(Config\Cache), false)
 6 SYSTEMPATH\Boot.php(363): CodeIgniter\CodeIgniter->run()
 7 SYSTEMPATH\Boot.php(68): CodeIgniter\Boot::runCodeIgniter(Object(CodeIgniter\CodeIgniter))
 8 FCPATH\index.php(59): CodeIgniter\Boot::bootWeb(Object(Config\Paths))
CRITICAL - 2026-03-09 01:44:15 --> TypeError: App\Libraries\BpjsFarmasi_InsertService::decrypt(): Argument #1 ($response) must be of type string, null given, called in C:\xampp\htdocs\2025_monitoring_bridging\app\Libraries\BpjsFarmasi_InsertService.php on line 162
[Method: GET, Route: bpjs/delete/del_hapusresep/00121/0216A01603260000003/1308R0010326V000004/1]
in APPPATH\Libraries\BpjsFarmasi_InsertService.php on line 56.
 1 APPPATH\Libraries\BpjsFarmasi_InsertService.php(162): App\Libraries\BpjsFarmasi_InsertService->decrypt(null, '1772995455')
 2 APPPATH\Controllers\BpjsController.php(342): App\Libraries\BpjsFarmasi_InsertService->request('DELETE', '/hapusresep', '{"nosjp":"0216A01603260000003","refasalsjp":"1308R0010326V000004","noresep":"00121"}', '1')
 3 SYSTEMPATH\CodeIgniter.php(933): App\Controllers\BpjsController->del_hapusresep('00121', '0216A01603260000003', '1308R0010326V000004', '1')
 4 SYSTEMPATH\CodeIgniter.php(507): CodeIgniter\CodeIgniter->runController(Object(App\Controllers\BpjsController))
 5 SYSTEMPATH\CodeIgniter.php(354): CodeIgniter\CodeIgniter->handleRequest(null, Object(Config\Cache), false)
 6 SYSTEMPATH\Boot.php(363): CodeIgniter\CodeIgniter->run()
 7 SYSTEMPATH\Boot.php(68): CodeIgniter\Boot::runCodeIgniter(Object(CodeIgniter\CodeIgniter))
 8 FCPATH\index.php(59): CodeIgniter\Boot::bootWeb(Object(Config\Paths))
CRITICAL - 2026-03-09 01:46:08 --> TypeError: App\Libraries\BpjsFarmasi_InsertService::decrypt(): Argument #1 ($response) must be of type string, null given, called in C:\xampp\htdocs\2025_monitoring_bridging\app\Libraries\BpjsFarmasi_InsertService.php on line 162
[Method: GET, Route: bpjs/delete/del_hapusresep/00124/0216A01603260000001/1308R0010326V000004/1]
in APPPATH\Libraries\BpjsFarmasi_InsertService.php on line 56.
 1 APPPATH\Libraries\BpjsFarmasi_InsertService.php(162): App\Libraries\BpjsFarmasi_InsertService->decrypt(null, '1772995567')
 2 APPPATH\Controllers\BpjsController.php(342): App\Libraries\BpjsFarmasi_InsertService->request('DELETE', '/hapusresep', '{"nosjp":"0216A01603260000001","refasalsjp":"1308R0010326V000004","noresep":"00124"}', '1')
 3 SYSTEMPATH\CodeIgniter.php(933): App\Controllers\BpjsController->del_hapusresep('00124', '0216A01603260000001', '1308R0010326V000004', '1')
 4 SYSTEMPATH\CodeIgniter.php(507): CodeIgniter\CodeIgniter->runController(Object(App\Controllers\BpjsController))
 5 SYSTEMPATH\CodeIgniter.php(354): CodeIgniter\CodeIgniter->handleRequest(null, Object(Config\Cache), false)
 6 SYSTEMPATH\Boot.php(363): CodeIgniter\CodeIgniter->run()
 7 SYSTEMPATH\Boot.php(68): CodeIgniter\Boot::runCodeIgniter(Object(CodeIgniter\CodeIgniter))
 8 FCPATH\index.php(59): CodeIgniter\Boot::bootWeb(Object(Config\Paths))
CRITICAL - 2026-03-09 01:47:11 --> TypeError: App\Libraries\BpjsFarmasi_InsertService::decrypt(): Argument #1 ($response) must be of type string, null given, called in C:\xampp\htdocs\2025_monitoring_bridging\app\Libraries\BpjsFarmasi_InsertService.php on line 162
[Method: GET, Route: bpjs/delete/del_hapusresep/00125/0216A01603260000006/1308R0010326V000004/1]
in APPPATH\Libraries\BpjsFarmasi_InsertService.php on line 56.
 1 APPPATH\Libraries\BpjsFarmasi_InsertService.php(162): App\Libraries\BpjsFarmasi_InsertService->decrypt(null, '1772995630')
 2 APPPATH\Controllers\BpjsController.php(342): App\Libraries\BpjsFarmasi_InsertService->request('DELETE', '/hapusresep', '{"nosjp":"0216A01603260000006","refasalsjp":"1308R0010326V000004","noresep":"00125"}', '1')
 3 SYSTEMPATH\CodeIgniter.php(933): App\Controllers\BpjsController->del_hapusresep('00125', '0216A01603260000006', '1308R0010326V000004', '1')
 4 SYSTEMPATH\CodeIgniter.php(507): CodeIgniter\CodeIgniter->runController(Object(App\Controllers\BpjsController))
 5 SYSTEMPATH\CodeIgniter.php(354): CodeIgniter\CodeIgniter->handleRequest(null, Object(Config\Cache), false)
 6 SYSTEMPATH\Boot.php(363): CodeIgniter\CodeIgniter->run()
 7 SYSTEMPATH\Boot.php(68): CodeIgniter\Boot::runCodeIgniter(Object(CodeIgniter\CodeIgniter))
 8 FCPATH\index.php(59): CodeIgniter\Boot::bootWeb(Object(Config\Paths))
CRITICAL - 2026-03-09 01:49:31 --> TypeError: App\Libraries\BpjsFarmasi_InsertService::decrypt(): Argument #1 ($response) must be of type string, null given, called in C:\xampp\htdocs\2025_monitoring_bridging\app\Libraries\BpjsFarmasi_InsertService.php on line 162
[Method: GET, Route: bpjs/delete/del_hapusresep/00124/0216A01603260000010/1308R0010326V000004/1]
in APPPATH\Libraries\BpjsFarmasi_InsertService.php on line 56.
 1 APPPATH\Libraries\BpjsFarmasi_InsertService.php(162): App\Libraries\BpjsFarmasi_InsertService->decrypt(null, '1772995771')
 2 APPPATH\Controllers\BpjsController.php(342): App\Libraries\BpjsFarmasi_InsertService->request('DELETE', '/hapusresep', '{"nosjp":"0216A01603260000010","refasalsjp":"1308R0010326V000004","noresep":"00124"}', '1')
 3 SYSTEMPATH\CodeIgniter.php(933): App\Controllers\BpjsController->del_hapusresep('00124', '0216A01603260000010', '1308R0010326V000004', '1')
 4 SYSTEMPATH\CodeIgniter.php(507): CodeIgniter\CodeIgniter->runController(Object(App\Controllers\BpjsController))
 5 SYSTEMPATH\CodeIgniter.php(354): CodeIgniter\CodeIgniter->handleRequest(null, Object(Config\Cache), false)
 6 SYSTEMPATH\Boot.php(363): CodeIgniter\CodeIgniter->run()
 7 SYSTEMPATH\Boot.php(68): CodeIgniter\Boot::runCodeIgniter(Object(CodeIgniter\CodeIgniter))
 8 FCPATH\index.php(59): CodeIgniter\Boot::bootWeb(Object(Config\Paths))
CRITICAL - 2026-03-09 01:49:39 --> TypeError: App\Libraries\BpjsFarmasi_InsertService::decrypt(): Argument #1 ($response) must be of type string, null given, called in C:\xampp\htdocs\2025_monitoring_bridging\app\Libraries\BpjsFarmasi_InsertService.php on line 162
[Method: GET, Route: bpjs/delete/del_hapusresep/00123/0216A01603260000005/1308R0010326V000004/1]
in APPPATH\Libraries\BpjsFarmasi_InsertService.php on line 56.
 1 APPPATH\Libraries\BpjsFarmasi_InsertService.php(162): App\Libraries\BpjsFarmasi_InsertService->decrypt(null, '1772995778')
 2 APPPATH\Controllers\BpjsController.php(342): App\Libraries\BpjsFarmasi_InsertService->request('DELETE', '/hapusresep', '{"nosjp":"0216A01603260000005","refasalsjp":"1308R0010326V000004","noresep":"00123"}', '1')
 3 SYSTEMPATH\CodeIgniter.php(933): App\Controllers\BpjsController->del_hapusresep('00123', '0216A01603260000005', '1308R0010326V000004', '1')
 4 SYSTEMPATH\CodeIgniter.php(507): CodeIgniter\CodeIgniter->runController(Object(App\Controllers\BpjsController))
 5 SYSTEMPATH\CodeIgniter.php(354): CodeIgniter\CodeIgniter->handleRequest(null, Object(Config\Cache), false)
 6 SYSTEMPATH\Boot.php(363): CodeIgniter\CodeIgniter->run()
 7 SYSTEMPATH\Boot.php(68): CodeIgniter\Boot::runCodeIgniter(Object(CodeIgniter\CodeIgniter))
 8 FCPATH\index.php(59): CodeIgniter\Boot::bootWeb(Object(Config\Paths))
CRITICAL - 2026-03-09 01:49:44 --> TypeError: App\Libraries\BpjsFarmasi_InsertService::decrypt(): Argument #1 ($response) must be of type string, null given, called in C:\xampp\htdocs\2025_monitoring_bridging\app\Libraries\BpjsFarmasi_InsertService.php on line 162
[Method: GET, Route: bpjs/delete/del_hapusresep/00121/0216A01603260000008/1308R0010326V000004/1]
in APPPATH\Libraries\BpjsFarmasi_InsertService.php on line 56.
 1 APPPATH\Libraries\BpjsFarmasi_InsertService.php(162): App\Libraries\BpjsFarmasi_InsertService->decrypt(null, '1772995784')
 2 APPPATH\Controllers\BpjsController.php(342): App\Libraries\BpjsFarmasi_InsertService->request('DELETE', '/hapusresep', '{"nosjp":"0216A01603260000008","refasalsjp":"1308R0010326V000004","noresep":"00121"}', '1')
 3 SYSTEMPATH\CodeIgniter.php(933): App\Controllers\BpjsController->del_hapusresep('00121', '0216A01603260000008', '1308R0010326V000004', '1')
 4 SYSTEMPATH\CodeIgniter.php(507): CodeIgniter\CodeIgniter->runController(Object(App\Controllers\BpjsController))
 5 SYSTEMPATH\CodeIgniter.php(354): CodeIgniter\CodeIgniter->handleRequest(null, Object(Config\Cache), false)
 6 SYSTEMPATH\Boot.php(363): CodeIgniter\CodeIgniter->run()
 7 SYSTEMPATH\Boot.php(68): CodeIgniter\Boot::runCodeIgniter(Object(CodeIgniter\CodeIgniter))
 8 FCPATH\index.php(59): CodeIgniter\Boot::bootWeb(Object(Config\Paths))
CRITICAL - 2026-03-09 01:51:44 --> TypeError: App\Libraries\BpjsFarmasi_InsertService::decrypt(): Argument #1 ($response) must be of type string, null given, called in C:\xampp\htdocs\2025_monitoring_bridging\app\Libraries\BpjsFarmasi_InsertService.php on line 162
[Method: GET, Route: bpjs/delete/del_hapusresep/00120/0216A01603260000007/1308R0010326V000004/1]
in APPPATH\Libraries\BpjsFarmasi_InsertService.php on line 56.
 1 APPPATH\Libraries\BpjsFarmasi_InsertService.php(162): App\Libraries\BpjsFarmasi_InsertService->decrypt(null, '1772995904')
 2 APPPATH\Controllers\BpjsController.php(342): App\Libraries\BpjsFarmasi_InsertService->request('DELETE', '/hapusresep', '{"nosjp":"0216A01603260000007","refasalsjp":"1308R0010326V000004","noresep":"00120"}', '1')
 3 SYSTEMPATH\CodeIgniter.php(933): App\Controllers\BpjsController->del_hapusresep('00120', '0216A01603260000007', '1308R0010326V000004', '1')
 4 SYSTEMPATH\CodeIgniter.php(507): CodeIgniter\CodeIgniter->runController(Object(App\Controllers\BpjsController))
 5 SYSTEMPATH\CodeIgniter.php(354): CodeIgniter\CodeIgniter->handleRequest(null, Object(Config\Cache), false)
 6 SYSTEMPATH\Boot.php(363): CodeIgniter\CodeIgniter->run()
 7 SYSTEMPATH\Boot.php(68): CodeIgniter\Boot::runCodeIgniter(Object(CodeIgniter\CodeIgniter))
 8 FCPATH\index.php(59): CodeIgniter\Boot::bootWeb(Object(Config\Paths))
CRITICAL - 2026-03-09 02:01:30 --> TypeError: App\Libraries\BpjsFarmasi_InsertService::decrypt(): Argument #1 ($response) must be of type string, null given, called in C:\xampp\htdocs\2025_monitoring_bridging\app\Libraries\BpjsFarmasi_InsertService.php on line 162
[Method: GET, Route: bpjs/delete/del_hapusresep/00125/0216A01603260000006/1308R0010326V000004/1]
in APPPATH\Libraries\BpjsFarmasi_InsertService.php on line 56.
 1 APPPATH\Libraries\BpjsFarmasi_InsertService.php(162): App\Libraries\BpjsFarmasi_InsertService->decrypt(null, '1772996490')
 2 APPPATH\Controllers\BpjsController.php(342): App\Libraries\BpjsFarmasi_InsertService->request('DELETE', '/hapusresep', '{"nosjp":"0216A01603260000006","refasalsjp":"1308R0010326V000004","noresep":"00125"}', '1')
 3 SYSTEMPATH\CodeIgniter.php(933): App\Controllers\BpjsController->del_hapusresep('00125', '0216A01603260000006', '1308R0010326V000004', '1')
 4 SYSTEMPATH\CodeIgniter.php(507): CodeIgniter\CodeIgniter->runController(Object(App\Controllers\BpjsController))
 5 SYSTEMPATH\CodeIgniter.php(354): CodeIgniter\CodeIgniter->handleRequest(null, Object(Config\Cache), false)
 6 SYSTEMPATH\Boot.php(363): CodeIgniter\CodeIgniter->run()
 7 SYSTEMPATH\Boot.php(68): CodeIgniter\Boot::runCodeIgniter(Object(CodeIgniter\CodeIgniter))
 8 FCPATH\index.php(59): CodeIgniter\Boot::bootWeb(Object(Config\Paths))
CRITICAL - 2026-03-09 02:03:33 --> TypeError: App\Libraries\BpjsFarmasi_InsertService::decrypt(): Argument #1 ($response) must be of type string, null given, called in C:\xampp\htdocs\2025_monitoring_bridging\app\Libraries\BpjsFarmasi_InsertService.php on line 162
[Method: GET, Route: bpjs/delete/del_hapusresep/00126/0216A01603260000011/1308R0010326V000004/1]
in APPPATH\Libraries\BpjsFarmasi_InsertService.php on line 56.
 1 APPPATH\Libraries\BpjsFarmasi_InsertService.php(162): App\Libraries\BpjsFarmasi_InsertService->decrypt(null, '1772996613')
 2 APPPATH\Controllers\BpjsController.php(342): App\Libraries\BpjsFarmasi_InsertService->request('DELETE', '/hapusresep', '{"nosjp":"0216A01603260000011","refasalsjp":"1308R0010326V000004","noresep":"00126"}', '1')
 3 SYSTEMPATH\CodeIgniter.php(933): App\Controllers\BpjsController->del_hapusresep('00126', '0216A01603260000011', '1308R0010326V000004', '1')
 4 SYSTEMPATH\CodeIgniter.php(507): CodeIgniter\CodeIgniter->runController(Object(App\Controllers\BpjsController))
 5 SYSTEMPATH\CodeIgniter.php(354): CodeIgniter\CodeIgniter->handleRequest(null, Object(Config\Cache), false)
 6 SYSTEMPATH\Boot.php(363): CodeIgniter\CodeIgniter->run()
 7 SYSTEMPATH\Boot.php(68): CodeIgniter\Boot::runCodeIgniter(Object(CodeIgniter\CodeIgniter))
 8 FCPATH\index.php(59): CodeIgniter\Boot::bootWeb(Object(Config\Paths))
CRITICAL - 2026-03-09 02:03:40 --> TypeError: App\Libraries\BpjsFarmasi_InsertService::decrypt(): Argument #1 ($response) must be of type string, null given, called in C:\xampp\htdocs\2025_monitoring_bridging\app\Libraries\BpjsFarmasi_InsertService.php on line 162
[Method: GET, Route: bpjs/delete/del_hapusresep/00122/0216A01603260000009/1308R0010326V000004/1]
in APPPATH\Libraries\BpjsFarmasi_InsertService.php on line 56.
 1 APPPATH\Libraries\BpjsFarmasi_InsertService.php(162): App\Libraries\BpjsFarmasi_InsertService->decrypt(null, '1772996620')
 2 APPPATH\Controllers\BpjsController.php(342): App\Libraries\BpjsFarmasi_InsertService->request('DELETE', '/hapusresep', '{"nosjp":"0216A01603260000009","refasalsjp":"1308R0010326V000004","noresep":"00122"}', '1')
 3 SYSTEMPATH\CodeIgniter.php(933): App\Controllers\BpjsController->del_hapusresep('00122', '0216A01603260000009', '1308R0010326V000004', '1')
 4 SYSTEMPATH\CodeIgniter.php(507): CodeIgniter\CodeIgniter->runController(Object(App\Controllers\BpjsController))
 5 SYSTEMPATH\CodeIgniter.php(354): CodeIgniter\CodeIgniter->handleRequest(null, Object(Config\Cache), false)
 6 SYSTEMPATH\Boot.php(363): CodeIgniter\CodeIgniter->run()
 7 SYSTEMPATH\Boot.php(68): CodeIgniter\Boot::runCodeIgniter(Object(CodeIgniter\CodeIgniter))
 8 FCPATH\index.php(59): CodeIgniter\Boot::bootWeb(Object(Config\Paths))
CRITICAL - 2026-03-09 02:03:57 --> TypeError: App\Libraries\BpjsFarmasi_InsertService::decrypt(): Argument #1 ($response) must be of type string, null given, called in C:\xampp\htdocs\2025_monitoring_bridging\app\Libraries\BpjsFarmasi_InsertService.php on line 162
[Method: GET, Route: bpjs/delete/del_hapusresep/00126/0216A01603260000001/1308R0010326V000004/1]
in APPPATH\Libraries\BpjsFarmasi_InsertService.php on line 56.
 1 APPPATH\Libraries\BpjsFarmasi_InsertService.php(162): App\Libraries\BpjsFarmasi_InsertService->decrypt(null, '1772996637')
 2 APPPATH\Controllers\BpjsController.php(342): App\Libraries\BpjsFarmasi_InsertService->request('DELETE', '/hapusresep', '{"nosjp":"0216A01603260000001","refasalsjp":"1308R0010326V000004","noresep":"00126"}', '1')
 3 SYSTEMPATH\CodeIgniter.php(933): App\Controllers\BpjsController->del_hapusresep('00126', '0216A01603260000001', '1308R0010326V000004', '1')
 4 SYSTEMPATH\CodeIgniter.php(507): CodeIgniter\CodeIgniter->runController(Object(App\Controllers\BpjsController))
 5 SYSTEMPATH\CodeIgniter.php(354): CodeIgniter\CodeIgniter->handleRequest(null, Object(Config\Cache), false)
 6 SYSTEMPATH\Boot.php(363): CodeIgniter\CodeIgniter->run()
 7 SYSTEMPATH\Boot.php(68): CodeIgniter\Boot::runCodeIgniter(Object(CodeIgniter\CodeIgniter))
 8 FCPATH\index.php(59): CodeIgniter\Boot::bootWeb(Object(Config\Paths))
