CRITICAL - 2026-01-28 09:15:35 --> ErrorException: mkdir(): File exists
[Method: GET, Route: bpjs/insert/daftarresep/2026-01-01/2026-01-30]
in SYSTEMPATH\Debug\Toolbar.php on line 403.
 1 [internal function]: CodeIgniter\Debug\Exceptions->errorHandler(2, 'mkdir(): File exists', 'C:\\xampp\\htdocs\\2025_monitoring_bridging\\vendor\\codeigniter4\\framework\\system\\Debug\\Toolbar.php', 403)
 2 SYSTEMPATH\Debug\Toolbar.php(403): mkdir('C:\\xampp\\htdocs\\2025_monitoring_bridging\\writable\\debugbar', 511)
 3 SYSTEMPATH\Filters\DebugToolbar.php(44): CodeIgniter\Debug\Toolbar->prepare(Object(CodeIgniter\HTTP\IncomingRequest), Object(CodeIgniter\HTTP\Response))
 4 SYSTEMPATH\Filters\Filters.php(278): CodeIgniter\Filters\DebugToolbar->after(Object(CodeIgniter\HTTP\IncomingRequest), Object(CodeIgniter\HTTP\Response), null)
 5 SYSTEMPATH\Filters\Filters.php(364): CodeIgniter\Filters\Filters->runAfter([...])
 6 SYSTEMPATH\CodeIgniter.php(407): CodeIgniter\Filters\Filters->runRequired('after')
 7 SYSTEMPATH\CodeIgniter.php(368): CodeIgniter\CodeIgniter->runRequiredAfterFilters(Object(CodeIgniter\Filters\Filters))
 8 SYSTEMPATH\Boot.php(363): CodeIgniter\CodeIgniter->run()
 9 SYSTEMPATH\Boot.php(68): CodeIgniter\Boot::runCodeIgniter(Object(CodeIgniter\CodeIgniter))
10 FCPATH\index.php(59): CodeIgniter\Boot::bootWeb(Object(Config\Paths))
CRITICAL - 2026-01-28 09:19:26 --> ErrorException: Allowed memory size of 536870912 bytes exhausted (tried to allocate 9778136 bytes)
[Method: POST, Route: res/search_resepSIMRS]
in SYSTEMPATH\ThirdParty\Kint\Renderer\RichRenderer.php on line 348.
 1 [internal function]: CodeIgniter\Debug\Exceptions->shutdownHandler()
CRITICAL - 2026-01-28 10:25:14 --> ParseError: syntax error, unexpected token "return"
[Method: POST, Route: res/search_resepSIMRS]
in APPPATH\Models\ResepModel.php on line 381.
 1 VENDORPATH\composer\ClassLoader.php(427): Composer\Autoload\{closure}('C:\\xampp\\htdocs\\2025_monitoring_bridging\\vendor\\composer/../../app\\Models\\ResepModel.php')
 2 APPPATH\Controllers\BpjsInsertController.php(329): Composer\Autoload\ClassLoader->loadClass('App\\Models\\ResepModel')
 3 SYSTEMPATH\CodeIgniter.php(933): App\Controllers\BpjsInsertController->getResepSIMRS()
 4 SYSTEMPATH\CodeIgniter.php(507): CodeIgniter\CodeIgniter->runController(Object(App\Controllers\BpjsInsertController))
 5 SYSTEMPATH\CodeIgniter.php(354): CodeIgniter\CodeIgniter->handleRequest(null, Object(Config\Cache), false)
 6 SYSTEMPATH\Boot.php(363): CodeIgniter\CodeIgniter->run()
 7 SYSTEMPATH\Boot.php(68): CodeIgniter\Boot::runCodeIgniter(Object(CodeIgniter\CodeIgniter))
 8 FCPATH\index.php(59): CodeIgniter\Boot::bootWeb(Object(Config\Paths))
CRITICAL - 2026-01-28 19:56:07 --> ParseError: syntax error, unexpected single-quoted string "TGLRSP", expecting "]"
[Method: GET, Route: bpjs/riwayatpelayananobat/2026-01-28/2026-01-28/0000106295938/2]
in APPPATH\Controllers\BpjsController.php on line 337.
 1 VENDORPATH\composer\ClassLoader.php(427): Composer\Autoload\{closure}('C:\\xampp\\htdocs\\2025_monitoring_bridging\\vendor\\composer/../../app\\Controllers\\BpjsController.php')
 2 [internal function]: Composer\Autoload\ClassLoader->loadClass('App\\Controllers\\BpjsController')
 3 SYSTEMPATH\CodeIgniter.php(885): class_exists('\\App\\Controllers\\BpjsController', true)
 4 SYSTEMPATH\CodeIgniter.php(494): CodeIgniter\CodeIgniter->startController()
 5 SYSTEMPATH\CodeIgniter.php(354): CodeIgniter\CodeIgniter->handleRequest(null, Object(Config\Cache), false)
 6 SYSTEMPATH\Boot.php(363): CodeIgniter\CodeIgniter->run()
 7 SYSTEMPATH\Boot.php(68): CodeIgniter\Boot::runCodeIgniter(Object(CodeIgniter\CodeIgniter))
 8 FCPATH\index.php(59): CodeIgniter\Boot::bootWeb(Object(Config\Paths))
CRITICAL - 2026-01-28 19:56:34 --> ParseError: syntax error, unexpected single-quoted string "TGLRSP", expecting "]"
[Method: GET, Route: bpjs/referensi/getppk/2/soedono/2]
in APPPATH\Controllers\BpjsController.php on line 337.
 1 VENDORPATH\composer\ClassLoader.php(427): Composer\Autoload\{closure}('C:\\xampp\\htdocs\\2025_monitoring_bridging\\vendor\\composer/../../app\\Controllers\\BpjsController.php')
 2 [internal function]: Composer\Autoload\ClassLoader->loadClass('App\\Controllers\\BpjsController')
 3 SYSTEMPATH\CodeIgniter.php(885): class_exists('\\App\\Controllers\\BpjsController', true)
 4 SYSTEMPATH\CodeIgniter.php(494): CodeIgniter\CodeIgniter->startController()
 5 SYSTEMPATH\CodeIgniter.php(354): CodeIgniter\CodeIgniter->handleRequest(null, Object(Config\Cache), false)
 6 SYSTEMPATH\Boot.php(363): CodeIgniter\CodeIgniter->run()
 7 SYSTEMPATH\Boot.php(68): CodeIgniter\Boot::runCodeIgniter(Object(CodeIgniter\CodeIgniter))
 8 FCPATH\index.php(59): CodeIgniter\Boot::bootWeb(Object(Config\Paths))
