CRITICAL - 2026-02-04 07:18:25 --> TypeError: App\Libraries\BpjsFarmasi_InsertService::decrypt(): Argument #1 ($response) must be of type string, null given, called in C:\xampp\htdocs\2025_monitoring_bridging\app\Libraries\BpjsFarmasi_InsertService.php on line 162
[Method: GET, Route: bpjs/delete/del_hapusresep/00003/0216A01602260000001/1308R0010226V000001/2]
in APPPATH\Libraries\BpjsFarmasi_InsertService.php on line 56.
 1 APPPATH\Libraries\BpjsFarmasi_InsertService.php(162): App\Libraries\BpjsFarmasi_InsertService->decrypt(null, '1770164305')
 2 APPPATH\Controllers\BpjsController.php(306): App\Libraries\BpjsFarmasi_InsertService->request('DELETE', '/hapusresep', '{"nosjp":"0216A01602260000001","refasalsjp":"1308R0010226V000001","noresep":"00003"}', '2')
 3 SYSTEMPATH\CodeIgniter.php(933): App\Controllers\BpjsController->del_hapusresep('00003', '0216A01602260000001', '1308R0010226V000001', '2')
 4 SYSTEMPATH\CodeIgniter.php(507): CodeIgniter\CodeIgniter->runController(Object(App\Controllers\BpjsController))
 5 SYSTEMPATH\CodeIgniter.php(354): CodeIgniter\CodeIgniter->handleRequest(null, Object(Config\Cache), false)
 6 SYSTEMPATH\Boot.php(363): CodeIgniter\CodeIgniter->run()
 7 SYSTEMPATH\Boot.php(68): CodeIgniter\Boot::runCodeIgniter(Object(CodeIgniter\CodeIgniter))
 8 FCPATH\index.php(59): CodeIgniter\Boot::bootWeb(Object(Config\Paths))
CRITICAL - 2026-02-04 08:28:30 --> TypeError: App\Libraries\BpjsFarmasi_InsertService::decrypt(): Argument #1 ($response) must be of type string, null given, called in C:\xampp\htdocs\2025_monitoring_bridging\app\Libraries\BpjsFarmasi_InsertService.php on line 162
[Method: GET, Route: bpjs/delete/del_hapusresep/00003/0216A01602260000001/1308R0010226V000001/2]
in APPPATH\Libraries\BpjsFarmasi_InsertService.php on line 56.
 1 APPPATH\Libraries\BpjsFarmasi_InsertService.php(162): App\Libraries\BpjsFarmasi_InsertService->decrypt(null, '1770168510')
 2 APPPATH\Controllers\BpjsController.php(306): App\Libraries\BpjsFarmasi_InsertService->request('DELETE', '/hapusresep', '{"nosjp":"0216A01602260000001","refasalsjp":"1308R0010226V000001","noresep":"00003"}', '2')
 3 SYSTEMPATH\CodeIgniter.php(933): App\Controllers\BpjsController->del_hapusresep('00003', '0216A01602260000001', '1308R0010226V000001', '2')
 4 SYSTEMPATH\CodeIgniter.php(507): CodeIgniter\CodeIgniter->runController(Object(App\Controllers\BpjsController))
 5 SYSTEMPATH\CodeIgniter.php(354): CodeIgniter\CodeIgniter->handleRequest(null, Object(Config\Cache), false)
 6 SYSTEMPATH\Boot.php(363): CodeIgniter\CodeIgniter->run()
 7 SYSTEMPATH\Boot.php(68): CodeIgniter\Boot::runCodeIgniter(Object(CodeIgniter\CodeIgniter))
 8 FCPATH\index.php(59): CodeIgniter\Boot::bootWeb(Object(Config\Paths))
CRITICAL - 2026-02-04 08:51:15 --> Error: Undefined constant "console"
[Method: POST, Route: res/search_resepSIMRS]
in APPPATH\Views\resep\partial_resepsimrs.php on line 81.
 1 SYSTEMPATH\View\View.php(226): include()
 2 SYSTEMPATH\View\View.php(229): CodeIgniter\View\View->CodeIgniter\View\{closure}()
 3 SYSTEMPATH\Common.php(1167): CodeIgniter\View\View->render('resep/partial_resepsimrs', [], true)
 4 APPPATH\Controllers\BpjsInsertController.php(880): view('resep/partial_resepsimrs', [...])
 5 SYSTEMPATH\CodeIgniter.php(933): App\Controllers\BpjsInsertController->getResepSIMRS()
 6 SYSTEMPATH\CodeIgniter.php(507): CodeIgniter\CodeIgniter->runController(Object(App\Controllers\BpjsInsertController))
 7 SYSTEMPATH\CodeIgniter.php(354): CodeIgniter\CodeIgniter->handleRequest(null, Object(Config\Cache), false)
 8 SYSTEMPATH\Boot.php(363): CodeIgniter\CodeIgniter->run()
 9 SYSTEMPATH\Boot.php(68): CodeIgniter\Boot::runCodeIgniter(Object(CodeIgniter\CodeIgniter))
10 FCPATH\index.php(59): CodeIgniter\Boot::bootWeb(Object(Config\Paths))
CRITICAL - 2026-02-04 08:51:24 --> Error: Call to undefined function alert()
[Method: POST, Route: res/search_resepSIMRS]
in APPPATH\Views\resep\partial_resepsimrs.php on line 81.
 1 SYSTEMPATH\View\View.php(226): include()
 2 SYSTEMPATH\View\View.php(229): CodeIgniter\View\View->CodeIgniter\View\{closure}()
 3 SYSTEMPATH\Common.php(1167): CodeIgniter\View\View->render('resep/partial_resepsimrs', [], true)
 4 APPPATH\Controllers\BpjsInsertController.php(880): view('resep/partial_resepsimrs', [...])
 5 SYSTEMPATH\CodeIgniter.php(933): App\Controllers\BpjsInsertController->getResepSIMRS()
 6 SYSTEMPATH\CodeIgniter.php(507): CodeIgniter\CodeIgniter->runController(Object(App\Controllers\BpjsInsertController))
 7 SYSTEMPATH\CodeIgniter.php(354): CodeIgniter\CodeIgniter->handleRequest(null, Object(Config\Cache), false)
 8 SYSTEMPATH\Boot.php(363): CodeIgniter\CodeIgniter->run()
 9 SYSTEMPATH\Boot.php(68): CodeIgniter\Boot::runCodeIgniter(Object(CodeIgniter\CodeIgniter))
10 FCPATH\index.php(59): CodeIgniter\Boot::bootWeb(Object(Config\Paths))
CRITICAL - 2026-02-04 08:51:37 --> Error: Call to undefined function alert()
[Method: POST, Route: res/search_resepSIMRS]
in APPPATH\Views\resep\partial_resepsimrs.php on line 81.
 1 SYSTEMPATH\View\View.php(226): include()
 2 SYSTEMPATH\View\View.php(229): CodeIgniter\View\View->CodeIgniter\View\{closure}()
 3 SYSTEMPATH\Common.php(1167): CodeIgniter\View\View->render('resep/partial_resepsimrs', [], true)
 4 APPPATH\Controllers\BpjsInsertController.php(880): view('resep/partial_resepsimrs', [...])
 5 SYSTEMPATH\CodeIgniter.php(933): App\Controllers\BpjsInsertController->getResepSIMRS()
 6 SYSTEMPATH\CodeIgniter.php(507): CodeIgniter\CodeIgniter->runController(Object(App\Controllers\BpjsInsertController))
 7 SYSTEMPATH\CodeIgniter.php(354): CodeIgniter\CodeIgniter->handleRequest(null, Object(Config\Cache), false)
 8 SYSTEMPATH\Boot.php(363): CodeIgniter\CodeIgniter->run()
 9 SYSTEMPATH\Boot.php(68): CodeIgniter\Boot::runCodeIgniter(Object(CodeIgniter\CodeIgniter))
10 FCPATH\index.php(59): CodeIgniter\Boot::bootWeb(Object(Config\Paths))
CRITICAL - 2026-02-04 10:22:39 --> ArgumentCountError: Too few arguments to function App\Controllers\BpjsController::sjpresep(), 0 passed in C:\xampp\htdocs\2025_monitoring_bridging\vendor\codeigniter4\framework\system\CodeIgniter.php on line 933 and exactly 8 expected
[Method: GET, Route: bpjs/insert/getsjpresep]
in APPPATH\Controllers\BpjsController.php on line 278.
 1 SYSTEMPATH\CodeIgniter.php(933): App\Controllers\BpjsController->sjpresep()
 2 SYSTEMPATH\CodeIgniter.php(507): CodeIgniter\CodeIgniter->runController(Object(App\Controllers\BpjsController))
 3 SYSTEMPATH\CodeIgniter.php(354): CodeIgniter\CodeIgniter->handleRequest(null, Object(Config\Cache), false)
 4 SYSTEMPATH\Boot.php(363): CodeIgniter\CodeIgniter->run()
 5 SYSTEMPATH\Boot.php(68): CodeIgniter\Boot::runCodeIgniter(Object(CodeIgniter\CodeIgniter))
 6 FCPATH\index.php(59): CodeIgniter\Boot::bootWeb(Object(Config\Paths))
CRITICAL - 2026-02-04 10:22:39 --> ArgumentCountError: Too few arguments to function App\Controllers\BpjsController::sjpresep(), 0 passed in C:\xampp\htdocs\2025_monitoring_bridging\vendor\codeigniter4\framework\system\CodeIgniter.php on line 933 and exactly 8 expected
[Method: GET, Route: bpjs/insert/getsjpresep]
in APPPATH\Controllers\BpjsController.php on line 278.
 1 SYSTEMPATH\CodeIgniter.php(933): App\Controllers\BpjsController->sjpresep()
 2 SYSTEMPATH\CodeIgniter.php(507): CodeIgniter\CodeIgniter->runController(Object(App\Controllers\BpjsController))
 3 SYSTEMPATH\CodeIgniter.php(354): CodeIgniter\CodeIgniter->handleRequest(null, Object(Config\Cache), false)
 4 SYSTEMPATH\Boot.php(363): CodeIgniter\CodeIgniter->run()
 5 SYSTEMPATH\Boot.php(68): CodeIgniter\Boot::runCodeIgniter(Object(CodeIgniter\CodeIgniter))
 6 FCPATH\index.php(59): CodeIgniter\Boot::bootWeb(Object(Config\Paths))
CRITICAL - 2026-02-04 10:41:17 --> DivisionByZeroError: Division by zero
[Method: GET, Route: monitoring]
in SYSTEMPATH\Pager\Pager.php on line 152.
 1 SYSTEMPATH\BaseModel.php(1277): CodeIgniter\Pager\Pager->store('group1', 1, 0, 22, 0)
 2 APPPATH\Controllers\MonitoringController.php(75): CodeIgniter\BaseModel->paginate(0, 'group1')
 3 SYSTEMPATH\CodeIgniter.php(933): App\Controllers\MonitoringController->index()
 4 SYSTEMPATH\CodeIgniter.php(507): CodeIgniter\CodeIgniter->runController(Object(App\Controllers\MonitoringController))
 5 SYSTEMPATH\CodeIgniter.php(354): CodeIgniter\CodeIgniter->handleRequest(null, Object(Config\Cache), false)
 6 SYSTEMPATH\Boot.php(363): CodeIgniter\CodeIgniter->run()
 7 SYSTEMPATH\Boot.php(68): CodeIgniter\Boot::runCodeIgniter(Object(CodeIgniter\CodeIgniter))
 8 FCPATH\index.php(59): CodeIgniter\Boot::bootWeb(Object(Config\Paths))
