CRITICAL - 2026-02-02 10:49:36 --> ErrorException: Trying to access array offset on value of type null
[Method: GET, Route: bpjs/getSEPPasien/0216A01601260000963]
in APPPATH\Libraries\BpjsVclaimService.php on line 165.
 1 APPPATH\Libraries\BpjsVclaimService.php(165): CodeIgniter\Debug\Exceptions->errorHandler(2, 'Trying to access array offset on value of type null', 'C:\\xampp\\htdocs\\2025_monitoring_bridging\\app\\Libraries\\BpjsVclaimService.php', 165)
 2 APPPATH\Controllers\BpjsController.php(72): App\Libraries\BpjsVclaimService->request('GET', 'sep/0216A01601260000963')
 3 SYSTEMPATH\CodeIgniter.php(933): App\Controllers\BpjsController->searchingSEPPasien('0216A01601260000963')
 4 SYSTEMPATH\CodeIgniter.php(507): CodeIgniter\CodeIgniter->runController(Object(App\Controllers\BpjsController))
 5 SYSTEMPATH\CodeIgniter.php(354): CodeIgniter\CodeIgniter->handleRequest(null, Object(Config\Cache), false)
 6 SYSTEMPATH\Boot.php(363): CodeIgniter\CodeIgniter->run()
 7 SYSTEMPATH\Boot.php(68): CodeIgniter\Boot::runCodeIgniter(Object(CodeIgniter\CodeIgniter))
 8 FCPATH\index.php(59): CodeIgniter\Boot::bootWeb(Object(Config\Paths))
CRITICAL - 2026-02-02 10:49:51 --> ErrorException: Trying to access array offset on value of type null
[Method: GET, Route: bpjs/getSEPPasien/0000106295938]
in APPPATH\Libraries\BpjsVclaimService.php on line 165.
 1 APPPATH\Libraries\BpjsVclaimService.php(165): CodeIgniter\Debug\Exceptions->errorHandler(2, 'Trying to access array offset on value of type null', 'C:\\xampp\\htdocs\\2025_monitoring_bridging\\app\\Libraries\\BpjsVclaimService.php', 165)
 2 APPPATH\Controllers\BpjsController.php(72): App\Libraries\BpjsVclaimService->request('GET', 'sep/0000106295938')
 3 SYSTEMPATH\CodeIgniter.php(933): App\Controllers\BpjsController->searchingSEPPasien('0000106295938')
 4 SYSTEMPATH\CodeIgniter.php(507): CodeIgniter\CodeIgniter->runController(Object(App\Controllers\BpjsController))
 5 SYSTEMPATH\CodeIgniter.php(354): CodeIgniter\CodeIgniter->handleRequest(null, Object(Config\Cache), false)
 6 SYSTEMPATH\Boot.php(363): CodeIgniter\CodeIgniter->run()
 7 SYSTEMPATH\Boot.php(68): CodeIgniter\Boot::runCodeIgniter(Object(CodeIgniter\CodeIgniter))
 8 FCPATH\index.php(59): CodeIgniter\Boot::bootWeb(Object(Config\Paths))
CRITICAL - 2026-02-02 10:50:21 --> ErrorException: Trying to access array offset on value of type null
[Method: GET, Route: bpjs/getSEPPasien/1308R0010126V024998]
in APPPATH\Libraries\BpjsVclaimService.php on line 165.
 1 APPPATH\Libraries\BpjsVclaimService.php(165): CodeIgniter\Debug\Exceptions->errorHandler(2, 'Trying to access array offset on value of type null', 'C:\\xampp\\htdocs\\2025_monitoring_bridging\\app\\Libraries\\BpjsVclaimService.php', 165)
 2 APPPATH\Controllers\BpjsController.php(72): App\Libraries\BpjsVclaimService->request('GET', 'sep/1308R0010126V024998')
 3 SYSTEMPATH\CodeIgniter.php(933): App\Controllers\BpjsController->searchingSEPPasien('1308R0010126V024998')
 4 SYSTEMPATH\CodeIgniter.php(507): CodeIgniter\CodeIgniter->runController(Object(App\Controllers\BpjsController))
 5 SYSTEMPATH\CodeIgniter.php(354): CodeIgniter\CodeIgniter->handleRequest(null, Object(Config\Cache), false)
 6 SYSTEMPATH\Boot.php(363): CodeIgniter\CodeIgniter->run()
 7 SYSTEMPATH\Boot.php(68): CodeIgniter\Boot::runCodeIgniter(Object(CodeIgniter\CodeIgniter))
 8 FCPATH\index.php(59): CodeIgniter\Boot::bootWeb(Object(Config\Paths))
CRITICAL - 2026-02-02 10:54:23 --> ErrorException: Trying to access array offset on value of type null
[Method: GET, Route: bpjs/getSEPPasien/1202R0010318V000092]
in APPPATH\Libraries\BpjsVclaimService.php on line 165.
 1 APPPATH\Libraries\BpjsVclaimService.php(165): CodeIgniter\Debug\Exceptions->errorHandler(2, 'Trying to access array offset on value of type null', 'C:\\xampp\\htdocs\\2025_monitoring_bridging\\app\\Libraries\\BpjsVclaimService.php', 165)
 2 APPPATH\Controllers\BpjsController.php(72): App\Libraries\BpjsVclaimService->request('GET', 'sep/1202R0010318V000092')
 3 SYSTEMPATH\CodeIgniter.php(933): App\Controllers\BpjsController->searchingSEPPasien('1202R0010318V000092')
 4 SYSTEMPATH\CodeIgniter.php(507): CodeIgniter\CodeIgniter->runController(Object(App\Controllers\BpjsController))
 5 SYSTEMPATH\CodeIgniter.php(354): CodeIgniter\CodeIgniter->handleRequest(null, Object(Config\Cache), false)
 6 SYSTEMPATH\Boot.php(363): CodeIgniter\CodeIgniter->run()
 7 SYSTEMPATH\Boot.php(68): CodeIgniter\Boot::runCodeIgniter(Object(CodeIgniter\CodeIgniter))
 8 FCPATH\index.php(59): CodeIgniter\Boot::bootWeb(Object(Config\Paths))
CRITICAL - 2026-02-02 10:56:34 --> ErrorException: Trying to access array offset on value of type null
[Method: GET, Route: bpjs/peserta/nokartu/0002912846387]
in APPPATH\Libraries\BpjsVclaimService.php on line 165.
 1 APPPATH\Libraries\BpjsVclaimService.php(165): CodeIgniter\Debug\Exceptions->errorHandler(2, 'Trying to access array offset on value of type null', 'C:\\xampp\\htdocs\\2025_monitoring_bridging\\app\\Libraries\\BpjsVclaimService.php', 165)
 2 APPPATH\Controllers\BpjsController.php(32): App\Libraries\BpjsVclaimService->request('GET', 'Peserta/nokartu/0002912846387/tglSEP/2026-02-02')
 3 SYSTEMPATH\CodeIgniter.php(933): App\Controllers\BpjsController->getPesertaByNoKartu('0002912846387')
 4 SYSTEMPATH\CodeIgniter.php(507): CodeIgniter\CodeIgniter->runController(Object(App\Controllers\BpjsController))
 5 SYSTEMPATH\CodeIgniter.php(354): CodeIgniter\CodeIgniter->handleRequest(null, Object(Config\Cache), false)
 6 SYSTEMPATH\Boot.php(363): CodeIgniter\CodeIgniter->run()
 7 SYSTEMPATH\Boot.php(68): CodeIgniter\Boot::runCodeIgniter(Object(CodeIgniter\CodeIgniter))
 8 FCPATH\index.php(59): CodeIgniter\Boot::bootWeb(Object(Config\Paths))
CRITICAL - 2026-02-02 10:56:53 --> ErrorException: Trying to access array offset on value of type null
[Method: GET, Route: bpjs/peserta/nokartu/0002912846387]
in APPPATH\Libraries\BpjsVclaimService.php on line 165.
 1 APPPATH\Libraries\BpjsVclaimService.php(165): CodeIgniter\Debug\Exceptions->errorHandler(2, 'Trying to access array offset on value of type null', 'C:\\xampp\\htdocs\\2025_monitoring_bridging\\app\\Libraries\\BpjsVclaimService.php', 165)
 2 APPPATH\Controllers\BpjsController.php(32): App\Libraries\BpjsVclaimService->request('GET', 'Peserta/nokartu/0002912846387/tglSEP/2026-02-02')
 3 SYSTEMPATH\CodeIgniter.php(933): App\Controllers\BpjsController->getPesertaByNoKartu('0002912846387')
 4 SYSTEMPATH\CodeIgniter.php(507): CodeIgniter\CodeIgniter->runController(Object(App\Controllers\BpjsController))
 5 SYSTEMPATH\CodeIgniter.php(354): CodeIgniter\CodeIgniter->handleRequest(null, Object(Config\Cache), false)
 6 SYSTEMPATH\Boot.php(363): CodeIgniter\CodeIgniter->run()
 7 SYSTEMPATH\Boot.php(68): CodeIgniter\Boot::runCodeIgniter(Object(CodeIgniter\CodeIgniter))
 8 FCPATH\index.php(59): CodeIgniter\Boot::bootWeb(Object(Config\Paths))
CRITICAL - 2026-02-02 11:05:46 --> ErrorException: Undefined variable $noKartu
[Method: GET, Route: bpjs/createSEPBPJS]
in APPPATH\Controllers\BpjsController.php on line 71.
 1 APPPATH\Controllers\BpjsController.php(71): CodeIgniter\Debug\Exceptions->errorHandler(2, 'Undefined variable $noKartu', 'C:\\xampp\\htdocs\\2025_monitoring_bridging\\app\\Controllers\\BpjsController.php', 71)
 2 SYSTEMPATH\CodeIgniter.php(933): App\Controllers\BpjsController->createSEPBPJS()
 3 SYSTEMPATH\CodeIgniter.php(507): CodeIgniter\CodeIgniter->runController(Object(App\Controllers\BpjsController))
 4 SYSTEMPATH\CodeIgniter.php(354): CodeIgniter\CodeIgniter->handleRequest(null, Object(Config\Cache), false)
 5 SYSTEMPATH\Boot.php(363): CodeIgniter\CodeIgniter->run()
 6 SYSTEMPATH\Boot.php(68): CodeIgniter\Boot::runCodeIgniter(Object(CodeIgniter\CodeIgniter))
 7 FCPATH\index.php(59): CodeIgniter\Boot::bootWeb(Object(Config\Paths))
CRITICAL - 2026-02-02 11:06:01 --> ErrorException: Undefined variable $noKartu
[Method: GET, Route: bpjs/createSEPBPJS]
in APPPATH\Controllers\BpjsController.php on line 71.
 1 APPPATH\Controllers\BpjsController.php(71): CodeIgniter\Debug\Exceptions->errorHandler(2, 'Undefined variable $noKartu', 'C:\\xampp\\htdocs\\2025_monitoring_bridging\\app\\Controllers\\BpjsController.php', 71)
 2 SYSTEMPATH\CodeIgniter.php(933): App\Controllers\BpjsController->createSEPBPJS()
 3 SYSTEMPATH\CodeIgniter.php(507): CodeIgniter\CodeIgniter->runController(Object(App\Controllers\BpjsController))
 4 SYSTEMPATH\CodeIgniter.php(354): CodeIgniter\CodeIgniter->handleRequest(null, Object(Config\Cache), false)
 5 SYSTEMPATH\Boot.php(363): CodeIgniter\CodeIgniter->run()
 6 SYSTEMPATH\Boot.php(68): CodeIgniter\Boot::runCodeIgniter(Object(CodeIgniter\CodeIgniter))
 7 FCPATH\index.php(59): CodeIgniter\Boot::bootWeb(Object(Config\Paths))
CRITICAL - 2026-02-02 11:06:07 --> ErrorException: Undefined variable $noKartu
[Method: GET, Route: bpjs/createSEPBPJS]
in APPPATH\Controllers\BpjsController.php on line 71.
 1 APPPATH\Controllers\BpjsController.php(71): CodeIgniter\Debug\Exceptions->errorHandler(2, 'Undefined variable $noKartu', 'C:\\xampp\\htdocs\\2025_monitoring_bridging\\app\\Controllers\\BpjsController.php', 71)
 2 SYSTEMPATH\CodeIgniter.php(933): App\Controllers\BpjsController->createSEPBPJS()
 3 SYSTEMPATH\CodeIgniter.php(507): CodeIgniter\CodeIgniter->runController(Object(App\Controllers\BpjsController))
 4 SYSTEMPATH\CodeIgniter.php(354): CodeIgniter\CodeIgniter->handleRequest(null, Object(Config\Cache), false)
 5 SYSTEMPATH\Boot.php(363): CodeIgniter\CodeIgniter->run()
 6 SYSTEMPATH\Boot.php(68): CodeIgniter\Boot::runCodeIgniter(Object(CodeIgniter\CodeIgniter))
 7 FCPATH\index.php(59): CodeIgniter\Boot::bootWeb(Object(Config\Paths))
CRITICAL - 2026-02-02 11:06:09 --> ErrorException: Undefined variable $noKartu
[Method: GET, Route: bpjs/createSEPBPJS]
in APPPATH\Controllers\BpjsController.php on line 71.
 1 APPPATH\Controllers\BpjsController.php(71): CodeIgniter\Debug\Exceptions->errorHandler(2, 'Undefined variable $noKartu', 'C:\\xampp\\htdocs\\2025_monitoring_bridging\\app\\Controllers\\BpjsController.php', 71)
 2 SYSTEMPATH\CodeIgniter.php(933): App\Controllers\BpjsController->createSEPBPJS()
 3 SYSTEMPATH\CodeIgniter.php(507): CodeIgniter\CodeIgniter->runController(Object(App\Controllers\BpjsController))
 4 SYSTEMPATH\CodeIgniter.php(354): CodeIgniter\CodeIgniter->handleRequest(null, Object(Config\Cache), false)
 5 SYSTEMPATH\Boot.php(363): CodeIgniter\CodeIgniter->run()
 6 SYSTEMPATH\Boot.php(68): CodeIgniter\Boot::runCodeIgniter(Object(CodeIgniter\CodeIgniter))
 7 FCPATH\index.php(59): CodeIgniter\Boot::bootWeb(Object(Config\Paths))
CRITICAL - 2026-02-02 11:15:24 --> ErrorException: Undefined variable $userID
[Method: GET, Route: bpjs/createSEPBPJS]
in APPPATH\Controllers\BpjsController.php on line 131.
 1 APPPATH\Controllers\BpjsController.php(131): CodeIgniter\Debug\Exceptions->errorHandler(2, 'Undefined variable $userID', 'C:\\xampp\\htdocs\\2025_monitoring_bridging\\app\\Controllers\\BpjsController.php', 131)
 2 SYSTEMPATH\CodeIgniter.php(933): App\Controllers\BpjsController->createSEPBPJS()
 3 SYSTEMPATH\CodeIgniter.php(507): CodeIgniter\CodeIgniter->runController(Object(App\Controllers\BpjsController))
 4 SYSTEMPATH\CodeIgniter.php(354): CodeIgniter\CodeIgniter->handleRequest(null, Object(Config\Cache), false)
 5 SYSTEMPATH\Boot.php(363): CodeIgniter\CodeIgniter->run()
 6 SYSTEMPATH\Boot.php(68): CodeIgniter\Boot::runCodeIgniter(Object(CodeIgniter\CodeIgniter))
 7 FCPATH\index.php(59): CodeIgniter\Boot::bootWeb(Object(Config\Paths))
CRITICAL - 2026-02-02 11:15:33 --> ErrorException: Undefined variable $userID
[Method: GET, Route: bpjs/createSEPBPJS]
in APPPATH\Controllers\BpjsController.php on line 131.
 1 APPPATH\Controllers\BpjsController.php(131): CodeIgniter\Debug\Exceptions->errorHandler(2, 'Undefined variable $userID', 'C:\\xampp\\htdocs\\2025_monitoring_bridging\\app\\Controllers\\BpjsController.php', 131)
 2 SYSTEMPATH\CodeIgniter.php(933): App\Controllers\BpjsController->createSEPBPJS()
 3 SYSTEMPATH\CodeIgniter.php(507): CodeIgniter\CodeIgniter->runController(Object(App\Controllers\BpjsController))
 4 SYSTEMPATH\CodeIgniter.php(354): CodeIgniter\CodeIgniter->handleRequest(null, Object(Config\Cache), false)
 5 SYSTEMPATH\Boot.php(363): CodeIgniter\CodeIgniter->run()
 6 SYSTEMPATH\Boot.php(68): CodeIgniter\Boot::runCodeIgniter(Object(CodeIgniter\CodeIgniter))
 7 FCPATH\index.php(59): CodeIgniter\Boot::bootWeb(Object(Config\Paths))
CRITICAL - 2026-02-02 11:16:46 --> ErrorException: Undefined variable $userID
[Method: GET, Route: bpjs/createSEPBPJS]
in APPPATH\Controllers\BpjsController.php on line 131.
 1 APPPATH\Controllers\BpjsController.php(131): CodeIgniter\Debug\Exceptions->errorHandler(2, 'Undefined variable $userID', 'C:\\xampp\\htdocs\\2025_monitoring_bridging\\app\\Controllers\\BpjsController.php', 131)
 2 SYSTEMPATH\CodeIgniter.php(933): App\Controllers\BpjsController->createSEPBPJS()
 3 SYSTEMPATH\CodeIgniter.php(507): CodeIgniter\CodeIgniter->runController(Object(App\Controllers\BpjsController))
 4 SYSTEMPATH\CodeIgniter.php(354): CodeIgniter\CodeIgniter->handleRequest(null, Object(Config\Cache), false)
 5 SYSTEMPATH\Boot.php(363): CodeIgniter\CodeIgniter->run()
 6 SYSTEMPATH\Boot.php(68): CodeIgniter\Boot::runCodeIgniter(Object(CodeIgniter\CodeIgniter))
 7 FCPATH\index.php(59): CodeIgniter\Boot::bootWeb(Object(Config\Paths))
CRITICAL - 2026-02-02 14:18:34 --> ErrorException: Trying to access array offset on value of type null
[Method: GET, Route: bpjs/getSEPPasien/0002056469703]
in APPPATH\Libraries\BpjsVclaimService.php on line 165.
 1 APPPATH\Libraries\BpjsVclaimService.php(165): CodeIgniter\Debug\Exceptions->errorHandler(2, 'Trying to access array offset on value of type null', 'C:\\xampp\\htdocs\\2025_monitoring_bridging\\app\\Libraries\\BpjsVclaimService.php', 165)
 2 APPPATH\Controllers\BpjsController.php(218): App\Libraries\BpjsVclaimService->request('GET', 'sep/0002056469703')
 3 SYSTEMPATH\CodeIgniter.php(933): App\Controllers\BpjsController->searchingSEPPasien('0002056469703')
 4 SYSTEMPATH\CodeIgniter.php(507): CodeIgniter\CodeIgniter->runController(Object(App\Controllers\BpjsController))
 5 SYSTEMPATH\CodeIgniter.php(354): CodeIgniter\CodeIgniter->handleRequest(null, Object(Config\Cache), false)
 6 SYSTEMPATH\Boot.php(363): CodeIgniter\CodeIgniter->run()
 7 SYSTEMPATH\Boot.php(68): CodeIgniter\Boot::runCodeIgniter(Object(CodeIgniter\CodeIgniter))
 8 FCPATH\index.php(59): CodeIgniter\Boot::bootWeb(Object(Config\Paths))
CRITICAL - 2026-02-02 14:37:21 --> ErrorException: Trying to access array offset on value of type null
[Method: GET, Route: bpjs/getSEPPasien/1308R0010226V000001]
in APPPATH\Libraries\BpjsVclaimService.php on line 165.
 1 APPPATH\Libraries\BpjsVclaimService.php(165): CodeIgniter\Debug\Exceptions->errorHandler(2, 'Trying to access array offset on value of type null', 'C:\\xampp\\htdocs\\2025_monitoring_bridging\\app\\Libraries\\BpjsVclaimService.php', 165)
 2 APPPATH\Controllers\BpjsController.php(218): App\Libraries\BpjsVclaimService->request('GET', 'sep/1308R0010226V000001')
 3 SYSTEMPATH\CodeIgniter.php(933): App\Controllers\BpjsController->searchingSEPPasien('1308R0010226V000001')
 4 SYSTEMPATH\CodeIgniter.php(507): CodeIgniter\CodeIgniter->runController(Object(App\Controllers\BpjsController))
 5 SYSTEMPATH\CodeIgniter.php(354): CodeIgniter\CodeIgniter->handleRequest(null, Object(Config\Cache), false)
 6 SYSTEMPATH\Boot.php(363): CodeIgniter\CodeIgniter->run()
 7 SYSTEMPATH\Boot.php(68): CodeIgniter\Boot::runCodeIgniter(Object(CodeIgniter\CodeIgniter))
 8 FCPATH\index.php(59): CodeIgniter\Boot::bootWeb(Object(Config\Paths))
CRITICAL - 2026-02-02 14:37:25 --> ErrorException: Trying to access array offset on value of type null
[Method: GET, Route: bpjs/getSEPPasien/1308R0010226V000001]
in APPPATH\Libraries\BpjsVclaimService.php on line 165.
 1 APPPATH\Libraries\BpjsVclaimService.php(165): CodeIgniter\Debug\Exceptions->errorHandler(2, 'Trying to access array offset on value of type null', 'C:\\xampp\\htdocs\\2025_monitoring_bridging\\app\\Libraries\\BpjsVclaimService.php', 165)
 2 APPPATH\Controllers\BpjsController.php(218): App\Libraries\BpjsVclaimService->request('GET', 'sep/1308R0010226V000001')
 3 SYSTEMPATH\CodeIgniter.php(933): App\Controllers\BpjsController->searchingSEPPasien('1308R0010226V000001')
 4 SYSTEMPATH\CodeIgniter.php(507): CodeIgniter\CodeIgniter->runController(Object(App\Controllers\BpjsController))
 5 SYSTEMPATH\CodeIgniter.php(354): CodeIgniter\CodeIgniter->handleRequest(null, Object(Config\Cache), false)
 6 SYSTEMPATH\Boot.php(363): CodeIgniter\CodeIgniter->run()
 7 SYSTEMPATH\Boot.php(68): CodeIgniter\Boot::runCodeIgniter(Object(CodeIgniter\CodeIgniter))
 8 FCPATH\index.php(59): CodeIgniter\Boot::bootWeb(Object(Config\Paths))
CRITICAL - 2026-02-02 14:37:58 --> ErrorException: Trying to access array offset on value of type null
[Method: GET, Route: bpjs/getSEPPasien/1308R0010226V000001]
in APPPATH\Libraries\BpjsVclaimService.php on line 165.
 1 APPPATH\Libraries\BpjsVclaimService.php(165): CodeIgniter\Debug\Exceptions->errorHandler(2, 'Trying to access array offset on value of type null', 'C:\\xampp\\htdocs\\2025_monitoring_bridging\\app\\Libraries\\BpjsVclaimService.php', 165)
 2 APPPATH\Controllers\BpjsController.php(218): App\Libraries\BpjsVclaimService->request('GET', 'sep/1308R0010226V000001')
 3 SYSTEMPATH\CodeIgniter.php(933): App\Controllers\BpjsController->searchingSEPPasien('1308R0010226V000001')
 4 SYSTEMPATH\CodeIgniter.php(507): CodeIgniter\CodeIgniter->runController(Object(App\Controllers\BpjsController))
 5 SYSTEMPATH\CodeIgniter.php(354): CodeIgniter\CodeIgniter->handleRequest(null, Object(Config\Cache), false)
 6 SYSTEMPATH\Boot.php(363): CodeIgniter\CodeIgniter->run()
 7 SYSTEMPATH\Boot.php(68): CodeIgniter\Boot::runCodeIgniter(Object(CodeIgniter\CodeIgniter))
 8 FCPATH\index.php(59): CodeIgniter\Boot::bootWeb(Object(Config\Paths))
CRITICAL - 2026-02-02 14:39:41 --> ErrorException: Maximum execution time of 30 seconds exceeded
[Method: GET, Route: bpjs/getSEPPasien/1308R0010226V000001]
in SYSTEMPATH\HTTP\CURLRequest.php on line 696.
 1 [internal function]: CodeIgniter\Debug\Exceptions->shutdownHandler()
CRITICAL - 2026-02-02 14:39:41 --> ErrorException: Maximum execution time of 30 seconds exceeded
[Method: POST, Route: pasien/searchsep]
in SYSTEMPATH\HTTP\CURLRequest.php on line 696.
 1 [internal function]: CodeIgniter\Debug\Exceptions->shutdownHandler()
CRITICAL - 2026-02-02 14:40:29 --> ErrorException: Maximum execution time of 30 seconds exceeded
[Method: GET, Route: bpjs/getSEPPasien/0002056469703]
in SYSTEMPATH\HTTP\CURLRequest.php on line 696.
 1 [internal function]: CodeIgniter\Debug\Exceptions->shutdownHandler()
CRITICAL - 2026-02-02 14:40:29 --> ErrorException: Maximum execution time of 30 seconds exceeded
[Method: POST, Route: pasien/searchsep]
in SYSTEMPATH\HTTP\CURLRequest.php on line 696.
 1 [internal function]: CodeIgniter\Debug\Exceptions->shutdownHandler()
CRITICAL - 2026-02-02 14:53:53 --> ArgumentCountError: Too few arguments to function App\Controllers\BpjsController::sjpresep(), 1 passed in C:\xampp\htdocs\2025_monitoring_bridging\vendor\codeigniter4\framework\system\CodeIgniter.php on line 933 and exactly 7 expected
[Method: GET, Route: bpjs/insert/getsjpresep/2]
in APPPATH\Controllers\BpjsController.php on line 479.
 1 SYSTEMPATH\CodeIgniter.php(933): App\Controllers\BpjsController->sjpresep('2')
 2 SYSTEMPATH\CodeIgniter.php(507): CodeIgniter\CodeIgniter->runController(Object(App\Controllers\BpjsController))
 3 SYSTEMPATH\CodeIgniter.php(354): CodeIgniter\CodeIgniter->handleRequest(null, Object(Config\Cache), false)
 4 SYSTEMPATH\Boot.php(363): CodeIgniter\CodeIgniter->run()
 5 SYSTEMPATH\Boot.php(68): CodeIgniter\Boot::runCodeIgniter(Object(CodeIgniter\CodeIgniter))
 6 FCPATH\index.php(59): CodeIgniter\Boot::bootWeb(Object(Config\Paths))
CRITICAL - 2026-02-02 14:55:02 --> ArgumentCountError: Too few arguments to function App\Controllers\BpjsController::sjpresep(), 1 passed in C:\xampp\htdocs\2025_monitoring_bridging\vendor\codeigniter4\framework\system\CodeIgniter.php on line 933 and exactly 7 expected
[Method: GET, Route: bpjs/insert/getsjpresep/2]
in APPPATH\Controllers\BpjsController.php on line 479.
 1 SYSTEMPATH\CodeIgniter.php(933): App\Controllers\BpjsController->sjpresep('2')
 2 SYSTEMPATH\CodeIgniter.php(507): CodeIgniter\CodeIgniter->runController(Object(App\Controllers\BpjsController))
 3 SYSTEMPATH\CodeIgniter.php(354): CodeIgniter\CodeIgniter->handleRequest(null, Object(Config\Cache), false)
 4 SYSTEMPATH\Boot.php(363): CodeIgniter\CodeIgniter->run()
 5 SYSTEMPATH\Boot.php(68): CodeIgniter\Boot::runCodeIgniter(Object(CodeIgniter\CodeIgniter))
 6 FCPATH\index.php(59): CodeIgniter\Boot::bootWeb(Object(Config\Paths))
