ERROR - 2026-05-21 00:50:58 --> Error connecting to the database: ErrorException: pg_connect(): Unable to connect to PostgreSQL server: could not connect to server: Connection timed out (0x0000274C/10060)
	Is the server running on host &quot;192.168.0.98&quot; and accepting
	TCP/IP connections on port 5432? in C:\xampp\htdocs\2025_monitoring_bridging\vendor\codeigniter4\framework\system\Database\Postgre\Connection.php:78
Stack trace:
#0 [internal function]: CodeIgniter\Debug\Exceptions->errorHandler(2, 'pg_connect(): U...', 'C:\\xampp\\htdocs...', 78)
#1 C:\xampp\htdocs\2025_monitoring_bridging\vendor\codeigniter4\framework\system\Database\Postgre\Connection.php(78): pg_connect('host=192.168.0....')
#2 C:\xampp\htdocs\2025_monitoring_bridging\vendor\codeigniter4\framework\system\Database\BaseConnection.php(419): CodeIgniter\Database\Postgre\Connection->connect(false)
#3 C:\xampp\htdocs\2025_monitoring_bridging\vendor\codeigniter4\framework\system\Session\Handlers\DatabaseHandler.php(100): CodeIgniter\Database\BaseConnection->initialize()
#4 [internal function]: CodeIgniter\Session\Handlers\DatabaseHandler->open('ci_sessions', 'ci_session')
#5 C:\xampp\htdocs\2025_monitoring_bridging\vendor\codeigniter4\framework\system\Session\Session.php(912): session_start()
#6 C:\xampp\htdocs\2025_monitoring_bridging\vendor\codeigniter4\framework\system\Session\Session.php(243): CodeIgniter\Session\Session->startSession()
#7 C:\xampp\htdocs\2025_monitoring_bridging\vendor\codeigniter4\framework\system\Config\Services.php(715): CodeIgniter\Session\Session->start()
#8 C:\xampp\htdocs\2025_monitoring_bridging\vendor\codeigniter4\framework\system\Config\BaseService.php(312): CodeIgniter\Config\Services::session(Object(Config\Session), false)
#9 C:\xampp\htdocs\2025_monitoring_bridging\vendor\codeigniter4\framework\system\Config\BaseService.php(251): CodeIgniter\Config\BaseService::__callStatic('session', Array)
#10 C:\xampp\htdocs\2025_monitoring_bridging\vendor\codeigniter4\framework\system\Config\Services.php(668): CodeIgniter\Config\BaseService::getSharedInstance('session', NULL)
#11 C:\xampp\htdocs\2025_monitoring_bridging\vendor\codeigniter4\framework\system\Config\BaseService.php(321): CodeIgniter\Config\Services::session()
#12 C:\xampp\htdocs\2025_monitoring_bridging\vendor\codeigniter4\framework\system\Config\BaseService.php(202): CodeIgniter\Config\BaseService::__callStatic('session', Array)
#13 C:\xampp\htdocs\2025_monitoring_bridging\vendor\codeigniter4\framework\system\Common.php(995): CodeIgniter\Config\BaseService::get('session')
#14 C:\xampp\htdocs\2025_monitoring_bridging\vendor\codeigniter4\framework\system\Common.php(968): service('session')
#15 C:\xampp\htdocs\2025_monitoring_bridging\app\Filters\AuthFilter.php(14): session()
#16 C:\xampp\htdocs\2025_monitoring_bridging\vendor\codeigniter4\framework\system\Filters\Filters.php(241): App\Filters\AuthFilter->before(Object(CodeIgniter\HTTP\IncomingRequest), NULL)
#17 C:\xampp\htdocs\2025_monitoring_bridging\vendor\codeigniter4\framework\system\Filters\Filters.php(221): CodeIgniter\Filters\Filters->runBefore(Array)
#18 C:\xampp\htdocs\2025_monitoring_bridging\vendor\codeigniter4\framework\system\CodeIgniter.php(479): CodeIgniter\Filters\Filters->run('koneksi', 'before')
#19 C:\xampp\htdocs\2025_monitoring_bridging\vendor\codeigniter4\framework\system\CodeIgniter.php(354): CodeIgniter\CodeIgniter->handleRequest(NULL, Object(Config\Cache), false)
#20 C:\xampp\htdocs\2025_monitoring_bridging\vendor\codeigniter4\framework\system\Boot.php(363): CodeIgniter\CodeIgniter->run()
#21 C:\xampp\htdocs\2025_monitoring_bridging\vendor\codeigniter4\framework\system\Boot.php(68): CodeIgniter\Boot::runCodeIgniter(Object(CodeIgniter\CodeIgniter))
#22 C:\xampp\htdocs\2025_monitoring_bridging\public\index.php(59): CodeIgniter\Boot::bootWeb(Object(Config\Paths))
#23 {main}
CRITICAL - 2026-05-21 00:50:58 --> CodeIgniter\Database\Exceptions\DatabaseException: Unable to connect to the database.
Main connection [Postgre]: pg_connect(): Unable to connect to PostgreSQL server: could not connect to server: Connection timed out (0x0000274C/10060)
	Is the server running on host &quot;192.168.0.98&quot; and accepting
	TCP/IP connections on port 5432?
[Method: GET, Route: koneksi]
in SYSTEMPATH\Database\BaseConnection.php on line 465.
 1 SYSTEMPATH\Session\Handlers\DatabaseHandler.php(100): CodeIgniter\Database\BaseConnection->initialize()
 2 [internal function]: CodeIgniter\Session\Handlers\DatabaseHandler->open('ci_sessions', 'ci_session')
 3 SYSTEMPATH\Session\Session.php(912): session_start()
 4 SYSTEMPATH\Session\Session.php(243): CodeIgniter\Session\Session->startSession()
 5 SYSTEMPATH\Config\Services.php(715): CodeIgniter\Session\Session->start()
 6 SYSTEMPATH\Config\BaseService.php(312): CodeIgniter\Config\Services::session(Object(Config\Session), false)
 7 SYSTEMPATH\Config\BaseService.php(251): CodeIgniter\Config\BaseService::__callStatic('session', [...])
 8 SYSTEMPATH\Config\Services.php(668): CodeIgniter\Config\BaseService::getSharedInstance('session', null)
 9 SYSTEMPATH\Config\BaseService.php(321): CodeIgniter\Config\Services::session()
10 SYSTEMPATH\Config\BaseService.php(202): CodeIgniter\Config\BaseService::__callStatic('session', [])
11 SYSTEMPATH\Common.php(995): CodeIgniter\Config\BaseService::get('session')
12 SYSTEMPATH\Common.php(968): service('session')
13 APPPATH\Filters\AuthFilter.php(14): session()
14 SYSTEMPATH\Filters\Filters.php(241): App\Filters\AuthFilter->before(Object(CodeIgniter\HTTP\IncomingRequest), null)
15 SYSTEMPATH\Filters\Filters.php(221): CodeIgniter\Filters\Filters->runBefore([...])
16 SYSTEMPATH\CodeIgniter.php(479): CodeIgniter\Filters\Filters->run('koneksi', 'before')
17 SYSTEMPATH\CodeIgniter.php(354): CodeIgniter\CodeIgniter->handleRequest(null, Object(Config\Cache), false)
18 SYSTEMPATH\Boot.php(363): CodeIgniter\CodeIgniter->run()
19 SYSTEMPATH\Boot.php(68): CodeIgniter\Boot::runCodeIgniter(Object(CodeIgniter\CodeIgniter))
20 FCPATH\index.php(59): CodeIgniter\Boot::bootWeb(Object(Config\Paths))
ERROR - 2026-05-21 00:51:44 --> Error connecting to the database: ErrorException: pg_connect(): Unable to connect to PostgreSQL server: could not connect to server: Connection timed out (0x0000274C/10060)
	Is the server running on host &quot;192.168.0.98&quot; and accepting
	TCP/IP connections on port 5432? in C:\xampp\htdocs\2025_monitoring_bridging\vendor\codeigniter4\framework\system\Database\Postgre\Connection.php:78
Stack trace:
#0 [internal function]: CodeIgniter\Debug\Exceptions->errorHandler(2, 'pg_connect(): U...', 'C:\\xampp\\htdocs...', 78)
#1 C:\xampp\htdocs\2025_monitoring_bridging\vendor\codeigniter4\framework\system\Database\Postgre\Connection.php(78): pg_connect('host=192.168.0....')
#2 C:\xampp\htdocs\2025_monitoring_bridging\vendor\codeigniter4\framework\system\Database\BaseConnection.php(419): CodeIgniter\Database\Postgre\Connection->connect(false)
#3 C:\xampp\htdocs\2025_monitoring_bridging\vendor\codeigniter4\framework\system\Session\Handlers\DatabaseHandler.php(100): CodeIgniter\Database\BaseConnection->initialize()
#4 [internal function]: CodeIgniter\Session\Handlers\DatabaseHandler->open('ci_sessions', 'ci_session')
#5 C:\xampp\htdocs\2025_monitoring_bridging\vendor\codeigniter4\framework\system\Session\Session.php(912): session_start()
#6 C:\xampp\htdocs\2025_monitoring_bridging\vendor\codeigniter4\framework\system\Session\Session.php(243): CodeIgniter\Session\Session->startSession()
#7 C:\xampp\htdocs\2025_monitoring_bridging\vendor\codeigniter4\framework\system\Config\Services.php(715): CodeIgniter\Session\Session->start()
#8 C:\xampp\htdocs\2025_monitoring_bridging\vendor\codeigniter4\framework\system\Config\BaseService.php(312): CodeIgniter\Config\Services::session(Object(Config\Session), false)
#9 C:\xampp\htdocs\2025_monitoring_bridging\vendor\codeigniter4\framework\system\Config\BaseService.php(251): CodeIgniter\Config\BaseService::__callStatic('session', Array)
#10 C:\xampp\htdocs\2025_monitoring_bridging\vendor\codeigniter4\framework\system\Config\Services.php(668): CodeIgniter\Config\BaseService::getSharedInstance('session', NULL)
#11 C:\xampp\htdocs\2025_monitoring_bridging\vendor\codeigniter4\framework\system\Config\BaseService.php(321): CodeIgniter\Config\Services::session()
#12 C:\xampp\htdocs\2025_monitoring_bridging\vendor\codeigniter4\framework\system\Config\BaseService.php(202): CodeIgniter\Config\BaseService::__callStatic('session', Array)
#13 C:\xampp\htdocs\2025_monitoring_bridging\vendor\codeigniter4\framework\system\Common.php(995): CodeIgniter\Config\BaseService::get('session')
#14 C:\xampp\htdocs\2025_monitoring_bridging\vendor\codeigniter4\framework\system\Common.php(968): service('session')
#15 C:\xampp\htdocs\2025_monitoring_bridging\app\Filters\AuthFilter.php(14): session()
#16 C:\xampp\htdocs\2025_monitoring_bridging\vendor\codeigniter4\framework\system\Filters\Filters.php(241): App\Filters\AuthFilter->before(Object(CodeIgniter\HTTP\IncomingRequest), NULL)
#17 C:\xampp\htdocs\2025_monitoring_bridging\vendor\codeigniter4\framework\system\Filters\Filters.php(221): CodeIgniter\Filters\Filters->runBefore(Array)
#18 C:\xampp\htdocs\2025_monitoring_bridging\vendor\codeigniter4\framework\system\CodeIgniter.php(479): CodeIgniter\Filters\Filters->run('koneksi', 'before')
#19 C:\xampp\htdocs\2025_monitoring_bridging\vendor\codeigniter4\framework\system\CodeIgniter.php(354): CodeIgniter\CodeIgniter->handleRequest(NULL, Object(Config\Cache), false)
#20 C:\xampp\htdocs\2025_monitoring_bridging\vendor\codeigniter4\framework\system\Boot.php(363): CodeIgniter\CodeIgniter->run()
#21 C:\xampp\htdocs\2025_monitoring_bridging\vendor\codeigniter4\framework\system\Boot.php(68): CodeIgniter\Boot::runCodeIgniter(Object(CodeIgniter\CodeIgniter))
#22 C:\xampp\htdocs\2025_monitoring_bridging\public\index.php(59): CodeIgniter\Boot::bootWeb(Object(Config\Paths))
#23 {main}
CRITICAL - 2026-05-21 00:51:44 --> CodeIgniter\Database\Exceptions\DatabaseException: Unable to connect to the database.
Main connection [Postgre]: pg_connect(): Unable to connect to PostgreSQL server: could not connect to server: Connection timed out (0x0000274C/10060)
	Is the server running on host &quot;192.168.0.98&quot; and accepting
	TCP/IP connections on port 5432?
[Method: GET, Route: koneksi]
in SYSTEMPATH\Database\BaseConnection.php on line 465.
 1 SYSTEMPATH\Session\Handlers\DatabaseHandler.php(100): CodeIgniter\Database\BaseConnection->initialize()
 2 [internal function]: CodeIgniter\Session\Handlers\DatabaseHandler->open('ci_sessions', 'ci_session')
 3 SYSTEMPATH\Session\Session.php(912): session_start()
 4 SYSTEMPATH\Session\Session.php(243): CodeIgniter\Session\Session->startSession()
 5 SYSTEMPATH\Config\Services.php(715): CodeIgniter\Session\Session->start()
 6 SYSTEMPATH\Config\BaseService.php(312): CodeIgniter\Config\Services::session(Object(Config\Session), false)
 7 SYSTEMPATH\Config\BaseService.php(251): CodeIgniter\Config\BaseService::__callStatic('session', [...])
 8 SYSTEMPATH\Config\Services.php(668): CodeIgniter\Config\BaseService::getSharedInstance('session', null)
 9 SYSTEMPATH\Config\BaseService.php(321): CodeIgniter\Config\Services::session()
10 SYSTEMPATH\Config\BaseService.php(202): CodeIgniter\Config\BaseService::__callStatic('session', [])
11 SYSTEMPATH\Common.php(995): CodeIgniter\Config\BaseService::get('session')
12 SYSTEMPATH\Common.php(968): service('session')
13 APPPATH\Filters\AuthFilter.php(14): session()
14 SYSTEMPATH\Filters\Filters.php(241): App\Filters\AuthFilter->before(Object(CodeIgniter\HTTP\IncomingRequest), null)
15 SYSTEMPATH\Filters\Filters.php(221): CodeIgniter\Filters\Filters->runBefore([...])
16 SYSTEMPATH\CodeIgniter.php(479): CodeIgniter\Filters\Filters->run('koneksi', 'before')
17 SYSTEMPATH\CodeIgniter.php(354): CodeIgniter\CodeIgniter->handleRequest(null, Object(Config\Cache), false)
18 SYSTEMPATH\Boot.php(363): CodeIgniter\CodeIgniter->run()
19 SYSTEMPATH\Boot.php(68): CodeIgniter\Boot::runCodeIgniter(Object(CodeIgniter\CodeIgniter))
20 FCPATH\index.php(59): CodeIgniter\Boot::bootWeb(Object(Config\Paths))
CRITICAL - 2026-05-21 01:08:53 --> CodeIgniter\HTTP\Exceptions\HTTPException: 28 : Failed to connect to apijkn.bpjs-kesehatan.go.id port 443 after 22510 ms: Timed out
[Method: GET, Route: bpjs/referensi/getdpho]
in SYSTEMPATH\HTTP\CURLRequest.php on line 699.
 1 SYSTEMPATH\HTTP\CURLRequest.php(699): CodeIgniter\HTTP\Exceptions\HTTPException::forCurlError('28', 'Failed to connect to apijkn.bpjs-kesehatan.go.id port 443 after 22510 ms: Timed out')
 2 SYSTEMPATH\HTTP\CURLRequest.php(381): CodeIgniter\HTTP\CURLRequest->sendRequest([...])
 3 SYSTEMPATH\HTTP\CURLRequest.php(150): CodeIgniter\HTTP\CURLRequest->send('GET', 'https://apijkn.bpjs-kesehatan.go.id/apotek-rest/referensi/dpho')
 4 APPPATH\Libraries\BpjsFarmasiService.php(149): CodeIgniter\HTTP\CURLRequest->request('GET', 'https://apijkn.bpjs-kesehatan.go.id/apotek-rest/referensi/dpho', [...])
 5 APPPATH\Controllers\BpjsController.php(606): App\Libraries\BpjsFarmasiService->request('GET', 'referensi/dpho')
 6 SYSTEMPATH\CodeIgniter.php(933): App\Controllers\BpjsController->getReferensiDpho()
 7 SYSTEMPATH\CodeIgniter.php(507): CodeIgniter\CodeIgniter->runController(Object(App\Controllers\BpjsController))
 8 SYSTEMPATH\CodeIgniter.php(354): CodeIgniter\CodeIgniter->handleRequest(null, Object(Config\Cache), false)
 9 SYSTEMPATH\Boot.php(363): CodeIgniter\CodeIgniter->run()
10 SYSTEMPATH\Boot.php(68): CodeIgniter\Boot::runCodeIgniter(Object(CodeIgniter\CodeIgniter))
11 FCPATH\index.php(59): CodeIgniter\Boot::bootWeb(Object(Config\Paths))
