CRITICAL - 2026-01-15 00:00:02 --> ErrorException: Undefined array key "body"
[Method: GET, Route: bpjs/referensi/getppk/1/asasdsds]
in APPPATH\Libraries\BpjsFarmasiService.php on line 171.
 1 APPPATH\Libraries\BpjsFarmasiService.php(171): CodeIgniter\Debug\Exceptions->errorHandler(2, 'Undefined array key "body"', 'C:\\xampp\\htdocs\\2025_monitoring_bridging\\app\\Libraries\\BpjsFarmasiService.php', 171)
 2 APPPATH\Controllers\BpjsController.php(161): App\Libraries\BpjsFarmasiService->request('GET', 'referensi/ppk/1/asasdsds')
 3 SYSTEMPATH\CodeIgniter.php(933): App\Controllers\BpjsController->getReferensiPpk('1', 'asasdsds')
 4 SYSTEMPATH\CodeIgniter.php(507): CodeIgniter\CodeIgniter->runController(Object(App\Controllers\BpjsController))
 5 SYSTEMPATH\CodeIgniter.php(354): CodeIgniter\CodeIgniter->handleRequest(null, Object(Config\Cache), false)
 6 SYSTEMPATH\Boot.php(363): CodeIgniter\CodeIgniter->run()
 7 SYSTEMPATH\Boot.php(68): CodeIgniter\Boot::runCodeIgniter(Object(CodeIgniter\CodeIgniter))
 8 FCPATH\index.php(59): CodeIgniter\Boot::bootWeb(Object(Config\Paths))
CRITICAL - 2026-01-15 00:24:30 --> ParseError: syntax error, unexpected token "if", expecting ":"
[Method: GET, Route: monitoring]
in APPPATH\Views\dashboard\logmonitoring_bridging.php on line 89.
 1 SYSTEMPATH\View\View.php(229): CodeIgniter\View\View->CodeIgniter\View\{closure}()
 2 SYSTEMPATH\Common.php(1167): CodeIgniter\View\View->render('dashboard/logmonitoring_bridging', [], true)
 3 APPPATH\Controllers\BaseController.php(67): view('dashboard/logmonitoring_bridging', [...])
 4 APPPATH\Controllers\MonitoringController.php(44): App\Controllers\BaseController->renderView('dashboard/logmonitoring_bridging', [...])
 5 SYSTEMPATH\CodeIgniter.php(933): App\Controllers\MonitoringController->index()
 6 SYSTEMPATH\CodeIgniter.php(507): CodeIgniter\CodeIgniter->runController(Object(App\Controllers\MonitoringController))
 7 SYSTEMPATH\CodeIgniter.php(354): CodeIgniter\CodeIgniter->handleRequest(null, Object(Config\Cache), false)
 8 SYSTEMPATH\Boot.php(363): CodeIgniter\CodeIgniter->run()
 9 SYSTEMPATH\Boot.php(68): CodeIgniter\Boot::runCodeIgniter(Object(CodeIgniter\CodeIgniter))
10 FCPATH\index.php(59): CodeIgniter\Boot::bootWeb(Object(Config\Paths))
